Using pre-set license
Built from '2020.3/staging' branch; Version is '2020.3.9f1 (108be757e447) revision 1084391'; Using compiler version '192528614'; Build Type 'Release'
OS: 'Windows 10 Pro; OS build 18362.356; Version 1903; 64bit' Language: 'ru' Physical Memory: 8047 MB
BatchMode: 1, IsHumanControllingUs: 0, StartBugReporterOnCrash: 0, Is64bit: 1, IsPro: 0

 COMMAND LINE ARGUMENTS:
C:\Program Files\Unity\Hub\Editor\2020.3.9f1\Editor\Unity.exe
-adb2
-batchMode
-noUpm
-name
AssetImportWorker0
-projectPath
C:/Users/MQ/Documents/GitHub/Pictor
-logFile
Logs/AssetImportWorker0.log
-srvPort
11381
Successfully changed project path to: C:/Users/MQ/Documents/GitHub/Pictor
C:/Users/MQ/Documents/GitHub/Pictor
Using Asset Import Pipeline V2.
Refreshing native plugins compatible for Editor in 42.67 ms, found 1 plugins.
Preloading 0 native plugins for Editor in 0.00 ms.
Initialize engine version: 2020.3.9f1 (108be757e447)
[Subsystems] Discovering subsystems at path C:/Program Files/Unity/Hub/Editor/2020.3.9f1/Editor/Data/Resources/UnitySubsystems
[Subsystems] Discovering subsystems at path C:/Users/MQ/Documents/GitHub/Pictor/Assets
GfxDevice: creating device client; threaded=0
Direct3D:
    Version:  Direct3D 11.0 [level 11.1]
    Renderer: NVIDIA GeForce GTX 1050 (ID=0x1c8d)
    Vendor:   
    VRAM:     4021 MB
    Driver:   27.21.14.6627
Initialize mono
Mono path[0] = 'C:/Program Files/Unity/Hub/Editor/2020.3.9f1/Editor/Data/Managed'
Mono path[1] = 'C:/Program Files/Unity/Hub/Editor/2020.3.9f1/Editor/Data/MonoBleedingEdge/lib/mono/unityjit'
Mono config path = 'C:/Program Files/Unity/Hub/Editor/2020.3.9f1/Editor/Data/MonoBleedingEdge/etc'
Using monoOptions --debugger-agent=transport=dt_socket,embedding=1,server=y,suspend=n,address=127.0.0.1:56892
Begin MonoManager ReloadAssembly
Registering precompiled unity dll's ...
Register platform support module: C:/Program Files/Unity/Hub/Editor/2020.3.9f1/Editor/Data/PlaybackEngines/WebGLSupport/UnityEditor.WebGL.Extensions.dll
Register platform support module: C:/Program Files/Unity/Hub/Editor/2020.3.9f1/Editor/Data/PlaybackEngines/WindowsStandaloneSupport/UnityEditor.WindowsStandalone.Extensions.dll
Registered in 0.001980 seconds.
Native extension for WindowsStandalone target not found
Native extension for WebGL target not found
Refreshing native plugins compatible for Editor in 33.88 ms, found 1 plugins.
Preloading 0 native plugins for Editor in 0.00 ms.
Mono: successfully reloaded assembly
- Completed reload, in  1.088 seconds
Platform modules already initialized, skipping
Registering precompiled user dll's ...
Registered in 0.000926 seconds.
Begin MonoManager ReloadAssembly
Native extension for WindowsStandalone target not found
Native extension for WebGL target not found
Refreshing native plugins compatible for Editor in 34.11 ms, found 1 plugins.
Preloading 0 native plugins for Editor in 0.00 ms.
Mono: successfully reloaded assembly
- Completed reload, in  0.891 seconds
Platform modules already initialized, skipping
========================================================================
Worker process is ready to serve import requests
Launched and connected shader compiler UnityShaderCompiler.exe after 0.05 seconds
Refreshing native plugins compatible for Editor in 0.53 ms, found 1 plugins.
Preloading 0 native plugins for Editor in 0.00 ms.
Unloading 1808 Unused Serialized files (Serialized files now loaded: 0)
System memory in use before: 84.9 MB.
System memory in use after: 85.0 MB.

Unloading 20 unused Assets to reduce memory usage. Loaded Objects now: 2254.
Total: 1.856700 ms (FindLiveObjects: 0.166000 ms CreateObjectMapping: 0.062900 ms MarkObjects: 1.547600 ms  DeleteObjects: 0.079400 ms)

========================================================================
Received Import Request.
  path: Assets/Fonts/Pattaya-Regular.ttf
  artifactKey: Guid(b9e8d84ad3c29d249b66a6cb7071996c) Importer(815301076,1909f56bfc062723c751e8b465ee728b)
Start importing Assets/Fonts/Pattaya-Regular.ttf using Guid(b9e8d84ad3c29d249b66a6cb7071996c) Importer(815301076,1909f56bfc062723c751e8b465ee728b)  -> (artifact id: '7bf7208c73cfb7ebd45ab6a5e4475c20') in 0.142823 seconds
  Import took 0.146233 seconds .

========================================================================
Received Import Request.
  Time since last request: 7.409081 seconds.
  path: Assets/Fonts/font.ttf
  artifactKey: Guid(b9e8d84ad3c29d249b66a6cb7071996c) Importer(815301076,1909f56bfc062723c751e8b465ee728b)
Start importing Assets/Fonts/font.ttf using Guid(b9e8d84ad3c29d249b66a6cb7071996c) Importer(815301076,1909f56bfc062723c751e8b465ee728b)  -> (artifact id: '59f759cdadbb1b9b950c474da45a0cb8') in 0.020556 seconds
  Import took 0.024217 seconds .

========================================================================
Received Import Request.
  Time since last request: 395.056515 seconds.
  path: Assets/Sprites/icon.png
  artifactKey: Guid(40575a0ce4fea344c887288aa9f4ef6c) Importer(815301076,1909f56bfc062723c751e8b465ee728b)
Start importing Assets/Sprites/icon.png using Guid(40575a0ce4fea344c887288aa9f4ef6c) Importer(815301076,1909f56bfc062723c751e8b465ee728b)  -> (artifact id: '623a32fc9ba965c5fb65887d709e0657') in 0.043817 seconds
  Import took 0.047936 seconds .

========================================================================
Received Import Request.
  Time since last request: 218.047214 seconds.
  path: Assets/Sprites/btn.png
  artifactKey: Guid(011b8f7e751811645a7681aabcf6c187) Importer(815301076,1909f56bfc062723c751e8b465ee728b)
Start importing Assets/Sprites/btn.png using Guid(011b8f7e751811645a7681aabcf6c187) Importer(815301076,1909f56bfc062723c751e8b465ee728b)  -> (artifact id: 'dbc045d825556a326e4a27a25f657b83') in 0.020296 seconds
  Import took 0.025171 seconds .

========================================================================
Received Import Request.
  Time since last request: 77.750356 seconds.
  path: Assets/Sprites/btn240.png
  artifactKey: Guid(1beda6850f17bbc4fa6287469acbfb94) Importer(815301076,1909f56bfc062723c751e8b465ee728b)
Start importing Assets/Sprites/btn240.png using Guid(1beda6850f17bbc4fa6287469acbfb94) Importer(815301076,1909f56bfc062723c751e8b465ee728b)  -> (artifact id: 'f9ba78f6c118554bbba88416d67c432b') in 0.017952 seconds
  Import took 0.021690 seconds .

========================================================================
Received Import Request.
  Time since last request: 0.002917 seconds.
  path: Assets/Sprites/btn240.png
  artifactKey: Guid(1beda6850f17bbc4fa6287469acbfb94) Importer(815301076,1909f56bfc062723c751e8b465ee728b)
Start importing Assets/Sprites/btn240.png using Guid(1beda6850f17bbc4fa6287469acbfb94) Importer(815301076,1909f56bfc062723c751e8b465ee728b)  -> (artifact id: 'f9ba78f6c118554bbba88416d67c432b') in 0.011728 seconds
  Import took 0.015237 seconds .

========================================================================
Received Import Request.
  Time since last request: 156.967421 seconds.
  path: Assets/Fonts/NotoSansJP-Medium.otf
  artifactKey: Guid(92311eb874673de4b8ca7c364a839bf9) Importer(815301076,1909f56bfc062723c751e8b465ee728b)
Start importing Assets/Fonts/NotoSansJP-Medium.otf using Guid(92311eb874673de4b8ca7c364a839bf9) Importer(815301076,1909f56bfc062723c751e8b465ee728b)  -> (artifact id: 'aba165a93ac3b8ff76a12e10e9a014c8') in 0.025496 seconds
  Import took 0.029510 seconds .

========================================================================
Received Import Request.
  Time since last request: 102.384260 seconds.
  path: Assets/Sprites/icons8_Double_Down_512px.png
  artifactKey: Guid(17d9978434821824d96ee38f85c2248c) Importer(815301076,1909f56bfc062723c751e8b465ee728b)
Start importing Assets/Sprites/icons8_Double_Down_512px.png using Guid(17d9978434821824d96ee38f85c2248c) Importer(815301076,1909f56bfc062723c751e8b465ee728b)  -> (artifact id: 'ac38d0e1c08964a191565d57d4079c7e') in 0.015986 seconds
  Import took 0.019609 seconds .

========================================================================
Received Import Request.
  Time since last request: 51.015758 seconds.
  path: Assets/Sprites/icons8_Expand_Arrow_512px.png
  artifactKey: Guid(98ce5f31ee98b9d409e671d613077957) Importer(815301076,1909f56bfc062723c751e8b465ee728b)
Start importing Assets/Sprites/icons8_Expand_Arrow_512px.png using Guid(98ce5f31ee98b9d409e671d613077957) Importer(815301076,1909f56bfc062723c751e8b465ee728b)  -> (artifact id: '4f4590fc24bf6c5f54774069593a7e6a') in 0.015873 seconds
  Import took 0.019695 seconds .

========================================================================
Received Import Request.
  Time since last request: 166.575736 seconds.
  path: Assets/Animation
  artifactKey: Guid(d7e18503d93d98b4c8a7f755db073341) Importer(815301076,1909f56bfc062723c751e8b465ee728b)
Start importing Assets/Animation using Guid(d7e18503d93d98b4c8a7f755db073341) Importer(815301076,1909f56bfc062723c751e8b465ee728b)  -> (artifact id: '9123a9d884e5674de500a835651390a7') in 0.009226 seconds
  Import took 0.012861 seconds .

========================================================================
Received Import Request.
  Time since last request: 115.415985 seconds.
  path: Assets/Sprites/icons8_Camera_240px_2.png
  artifactKey: Guid(52091b0827bb6fa448da1e85341e1299) Importer(815301076,1909f56bfc062723c751e8b465ee728b)
Start importing Assets/Sprites/icons8_Camera_240px_2.png using Guid(52091b0827bb6fa448da1e85341e1299) Importer(815301076,1909f56bfc062723c751e8b465ee728b)  -> (artifact id: '835e497f4a73db898a3f6fc2eaeffbfb') in 0.019181 seconds
  Import took 0.024191 seconds .

========================================================================
Received Import Request.
  Time since last request: 31.673050 seconds.
  path: Assets/Sprites/icons8_Photo_Gallery_240px.png
  artifactKey: Guid(887c6a8f1a5450c419833e5c3e931b46) Importer(815301076,1909f56bfc062723c751e8b465ee728b)
Start importing Assets/Sprites/icons8_Photo_Gallery_240px.png using Guid(887c6a8f1a5450c419833e5c3e931b46) Importer(815301076,1909f56bfc062723c751e8b465ee728b)  -> (artifact id: '68c5556c39a9ee2b2458ab98e51455a1') in 0.015650 seconds
  Import took 0.019561 seconds .

========================================================================
Received Import Request.
  Time since last request: 466.120669 seconds.
  path: Assets/Sprites/icons8_Photo_Gallery_240px_1.png
  artifactKey: Guid(1a8f847d9d0bf394c87abe3213e21fdb) Importer(815301076,1909f56bfc062723c751e8b465ee728b)
Start importing Assets/Sprites/icons8_Photo_Gallery_240px_1.png using Guid(1a8f847d9d0bf394c87abe3213e21fdb) Importer(815301076,1909f56bfc062723c751e8b465ee728b)  -> (artifact id: '93529ae73b6ea029eae32e9af9a2e42c') in 0.016698 seconds
  Import took 0.021296 seconds .

========================================================================
Received Import Request.
  Time since last request: 0.006407 seconds.
  path: Assets/Sprites/icons8_Photo_Gallery_240px_1.png
  artifactKey: Guid(1a8f847d9d0bf394c87abe3213e21fdb) Importer(815301076,1909f56bfc062723c751e8b465ee728b)
Start importing Assets/Sprites/icons8_Photo_Gallery_240px_1.png using Guid(1a8f847d9d0bf394c87abe3213e21fdb) Importer(815301076,1909f56bfc062723c751e8b465ee728b)  -> (artifact id: '93529ae73b6ea029eae32e9af9a2e42c') in 0.010669 seconds
  Import took 0.014445 seconds .

========================================================================
Received Import Request.
  Time since last request: 5.984020 seconds.
  path: Assets/Sprites/icons8_Camera_240px_3.png
  artifactKey: Guid(0fe69a0776fbb4b45a1a0a6d7c3ba954) Importer(815301076,1909f56bfc062723c751e8b465ee728b)
Start importing Assets/Sprites/icons8_Camera_240px_3.png using Guid(0fe69a0776fbb4b45a1a0a6d7c3ba954) Importer(815301076,1909f56bfc062723c751e8b465ee728b)  -> (artifact id: '4c7252a0b08bdb9902763298a9852c2d') in 0.016716 seconds
  Import took 0.020775 seconds .

========================================================================
Received Import Request.
  Time since last request: 343.945287 seconds.
  path: Assets/Animation/bg_animation.anim
  artifactKey: Guid(88290d16e2365cf41bd69c644e74cb0a) Importer(815301076,1909f56bfc062723c751e8b465ee728b)
Start importing Assets/Animation/bg_animation.anim using Guid(88290d16e2365cf41bd69c644e74cb0a) Importer(815301076,1909f56bfc062723c751e8b465ee728b)  -> (artifact id: '9acc52f3705d0a52d96f5bcd434cf85b') in 0.014238 seconds
  Import took 0.017951 seconds .

========================================================================
Received Prepare
Registering precompiled user dll's ...
Registered in 0.001146 seconds.
Begin MonoManager ReloadAssembly
Native extension for WindowsStandalone target not found
Native extension for WebGL target not found
Refreshing native plugins compatible for Editor in 0.36 ms, found 1 plugins.
Preloading 0 native plugins for Editor in 0.00 ms.
Mono: successfully reloaded assembly
- Completed reload, in  1.067 seconds
Platform modules already initialized, skipping
Refreshing native plugins compatible for Editor in 0.65 ms, found 1 plugins.
Preloading 0 native plugins for Editor in 0.00 ms.
Unloading 1799 Unused Serialized files (Serialized files now loaded: 0)
System memory in use before: 87.9 MB.
System memory in use after: 88.0 MB.

Unloading 8 unused Assets to reduce memory usage. Loaded Objects now: 2304.
Total: 4.275400 ms (FindLiveObjects: 0.392900 ms CreateObjectMapping: 0.140600 ms MarkObjects: 3.635800 ms  DeleteObjects: 0.101300 ms)

========================================================================
Received Prepare
Registering precompiled user dll's ...
Registered in 0.000905 seconds.
Begin MonoManager ReloadAssembly
Native extension for WindowsStandalone target not found
Native extension for WebGL target not found
Refreshing native plugins compatible for Editor in 0.36 ms, found 1 plugins.
Preloading 0 native plugins for Editor in 0.00 ms.
Mono: successfully reloaded assembly
- Completed reload, in  0.892 seconds
Platform modules already initialized, skipping
Refreshing native plugins compatible for Editor in 0.35 ms, found 1 plugins.
Preloading 0 native plugins for Editor in 0.00 ms.
Unloading 1799 Unused Serialized files (Serialized files now loaded: 0)
System memory in use before: 87.9 MB.
System memory in use after: 88.0 MB.

Unloading 8 unused Assets to reduce memory usage. Loaded Objects now: 2308.
Total: 2.018300 ms (FindLiveObjects: 0.204200 ms CreateObjectMapping: 0.077100 ms MarkObjects: 1.686700 ms  DeleteObjects: 0.049100 ms)

========================================================================
Received Prepare
Registering precompiled user dll's ...
Registered in 0.001773 seconds.
Begin MonoManager ReloadAssembly
Native extension for WindowsStandalone target not found
Native extension for WebGL target not found
Refreshing native plugins compatible for Editor in 0.33 ms, found 1 plugins.
Preloading 0 native plugins for Editor in 0.00 ms.
Mono: successfully reloaded assembly
- Completed reload, in  0.762 seconds
Platform modules already initialized, skipping
Refreshing native plugins compatible for Editor in 0.34 ms, found 1 plugins.
Preloading 0 native plugins for Editor in 0.00 ms.
Unloading 1799 Unused Serialized files (Serialized files now loaded: 0)
System memory in use before: 88.0 MB.
System memory in use after: 88.0 MB.

Unloading 8 unused Assets to reduce memory usage. Loaded Objects now: 2312.
Total: 1.908000 ms (FindLiveObjects: 0.159300 ms CreateObjectMapping: 0.058900 ms MarkObjects: 1.647300 ms  DeleteObjects: 0.041700 ms)

========================================================================
Received Import Request.
  Time since last request: 507.564585 seconds.
  path: Assets/Animation/down_arrow.anim
  artifactKey: Guid(7a68c919d48ee124588c79d28ef5a0b3) Importer(815301076,1909f56bfc062723c751e8b465ee728b)
Start importing Assets/Animation/down_arrow.anim using Guid(7a68c919d48ee124588c79d28ef5a0b3) Importer(815301076,1909f56bfc062723c751e8b465ee728b)  -> (artifact id: '3d22e9d4884b14615eea9a3c65b3d53f') in 0.015663 seconds
  Import took 0.018337 seconds .

========================================================================
Received Import Request.
  Time since last request: 91.682937 seconds.
  path: Assets/Animation/down_arrow 1.anim
  artifactKey: Guid(796d1837e62435d429a895ba13599ae2) Importer(815301076,1909f56bfc062723c751e8b465ee728b)
Start importing Assets/Animation/down_arrow 1.anim using Guid(796d1837e62435d429a895ba13599ae2) Importer(815301076,1909f56bfc062723c751e8b465ee728b)  -> (artifact id: '9bdcbfe7e5d553ba297f05f95e2560b6') in 0.009821 seconds
  Import took 0.013444 seconds .

========================================================================
Received Import Request.
  Time since last request: 0.663838 seconds.
  path: Assets/Animation/down_arrow.anim
  artifactKey: Guid(7a68c919d48ee124588c79d28ef5a0b3) Importer(815301076,1909f56bfc062723c751e8b465ee728b)
Start importing Assets/Animation/down_arrow.anim using Guid(7a68c919d48ee124588c79d28ef5a0b3) Importer(815301076,1909f56bfc062723c751e8b465ee728b)  -> (artifact id: 'c7b4fc7aea16a083dc0284f27fe54093') in 0.004011 seconds
  Import took 0.007614 seconds .

========================================================================
Received Import Request.
  Time since last request: 0.007654 seconds.
  path: Assets/Animation/down_arrow.anim
  artifactKey: Guid(7a68c919d48ee124588c79d28ef5a0b3) Importer(815301076,1909f56bfc062723c751e8b465ee728b)
Start importing Assets/Animation/down_arrow.anim using Guid(7a68c919d48ee124588c79d28ef5a0b3) Importer(815301076,1909f56bfc062723c751e8b465ee728b)  -> (artifact id: 'c7b4fc7aea16a083dc0284f27fe54093') in 0.002884 seconds
  Import took 0.006445 seconds .

========================================================================
Received Import Request.
  Time since last request: 5.963982 seconds.
  path: Assets/Animation/down_arrow_1.anim
  artifactKey: Guid(7a68c919d48ee124588c79d28ef5a0b3) Importer(815301076,1909f56bfc062723c751e8b465ee728b)
Start importing Assets/Animation/down_arrow_1.anim using Guid(7a68c919d48ee124588c79d28ef5a0b3) Importer(815301076,1909f56bfc062723c751e8b465ee728b)  -> (artifact id: 'b0cdd787219366426d0e7eb7534763d7') in 0.008596 seconds
  Import took 0.012431 seconds .

========================================================================
Received Import Request.
  Time since last request: 9.685263 seconds.
  path: Assets/Animation/bg_animation.anim
  artifactKey: Guid(88290d16e2365cf41bd69c644e74cb0a) Importer(815301076,1909f56bfc062723c751e8b465ee728b)
Start importing Assets/Animation/bg_animation.anim using Guid(88290d16e2365cf41bd69c644e74cb0a) Importer(815301076,1909f56bfc062723c751e8b465ee728b)  -> (artifact id: '5cb06a2e5c407dfd702705ff03a77058') in 0.011719 seconds
  Import took 0.016021 seconds .

========================================================================
Received Import Request.
  Time since last request: 0.000929 seconds.
  path: Assets/Animation/bg_animation.anim
  artifactKey: Guid(88290d16e2365cf41bd69c644e74cb0a) Importer(815301076,1909f56bfc062723c751e8b465ee728b)
Start importing Assets/Animation/bg_animation.anim using Guid(88290d16e2365cf41bd69c644e74cb0a) Importer(815301076,1909f56bfc062723c751e8b465ee728b)  -> (artifact id: '5cb06a2e5c407dfd702705ff03a77058') in 0.011097 seconds
  Import took 0.014447 seconds .

========================================================================
Received Import Request.
  Time since last request: 6.224273 seconds.
  path: Assets/Animation/down_arrow_2.anim
  artifactKey: Guid(796d1837e62435d429a895ba13599ae2) Importer(815301076,1909f56bfc062723c751e8b465ee728b)
Start importing Assets/Animation/down_arrow_2.anim using Guid(796d1837e62435d429a895ba13599ae2) Importer(815301076,1909f56bfc062723c751e8b465ee728b)  -> (artifact id: 'cb1d39dde8f12d975122b4874f014db9') in 0.010651 seconds
  Import took 0.013497 seconds .

========================================================================
Received Import Request.
  Time since last request: 6.926235 seconds.
  path: Assets/Animation/down_arrow_1.anim
  artifactKey: Guid(796d1837e62435d429a895ba13599ae2) Importer(815301076,1909f56bfc062723c751e8b465ee728b)
Start importing Assets/Animation/down_arrow_1.anim using Guid(796d1837e62435d429a895ba13599ae2) Importer(815301076,1909f56bfc062723c751e8b465ee728b)  -> (artifact id: '4e6b9fc49ce4ca1995f60cf92b43d723') in 0.002866 seconds
  Import took 0.005995 seconds .

========================================================================
Received Prepare
Registering precompiled user dll's ...
Registered in 0.000910 seconds.
Begin MonoManager ReloadAssembly
Native extension for WindowsStandalone target not found
Native extension for WebGL target not found
Refreshing native plugins compatible for Editor in 0.34 ms, found 1 plugins.
Preloading 0 native plugins for Editor in 0.00 ms.
Mono: successfully reloaded assembly
- Completed reload, in  0.878 seconds
Platform modules already initialized, skipping
Refreshing native plugins compatible for Editor in 0.41 ms, found 1 plugins.
Preloading 0 native plugins for Editor in 0.00 ms.
Unloading 1799 Unused Serialized files (Serialized files now loaded: 0)
System memory in use before: 88.0 MB.
System memory in use after: 88.1 MB.

Unloading 8 unused Assets to reduce memory usage. Loaded Objects now: 2316.
Total: 2.158800 ms (FindLiveObjects: 0.220300 ms CreateObjectMapping: 0.060900 ms MarkObjects: 1.825800 ms  DeleteObjects: 0.050800 ms)

========================================================================
Received Prepare
Registering precompiled user dll's ...
Registered in 0.000974 seconds.
Begin MonoManager ReloadAssembly
Native extension for WindowsStandalone target not found
Native extension for WebGL target not found
Refreshing native plugins compatible for Editor in 0.38 ms, found 1 plugins.
Preloading 0 native plugins for Editor in 0.00 ms.
Mono: successfully reloaded assembly
- Completed reload, in  0.859 seconds
Platform modules already initialized, skipping
Refreshing native plugins compatible for Editor in 0.42 ms, found 1 plugins.
Preloading 0 native plugins for Editor in 0.00 ms.
Unloading 1799 Unused Serialized files (Serialized files now loaded: 0)
System memory in use before: 88.0 MB.
System memory in use after: 88.1 MB.

Unloading 8 unused Assets to reduce memory usage. Loaded Objects now: 2320.
Total: 2.164300 ms (FindLiveObjects: 0.202000 ms CreateObjectMapping: 0.075400 ms MarkObjects: 1.832800 ms  DeleteObjects: 0.053100 ms)

========================================================================
Received Prepare
Registering precompiled user dll's ...
Registered in 0.000921 seconds.
Begin MonoManager ReloadAssembly
Native extension for WindowsStandalone target not found
Native extension for WebGL target not found
Refreshing native plugins compatible for Editor in 0.36 ms, found 1 plugins.
Preloading 0 native plugins for Editor in 0.00 ms.
Mono: successfully reloaded assembly
- Completed reload, in  0.874 seconds
Platform modules already initialized, skipping
Refreshing native plugins compatible for Editor in 0.58 ms, found 1 plugins.
Preloading 0 native plugins for Editor in 0.00 ms.
Unloading 1799 Unused Serialized files (Serialized files now loaded: 0)
System memory in use before: 88.0 MB.
System memory in use after: 88.1 MB.

Unloading 8 unused Assets to reduce memory usage. Loaded Objects now: 2324.
Total: 2.102900 ms (FindLiveObjects: 0.178900 ms CreateObjectMapping: 0.060500 ms MarkObjects: 1.803300 ms  DeleteObjects: 0.059300 ms)

========================================================================
Received Prepare
Registering precompiled user dll's ...
Registered in 0.000931 seconds.
Begin MonoManager ReloadAssembly
Native extension for WindowsStandalone target not found
Native extension for WebGL target not found
Refreshing native plugins compatible for Editor in 0.39 ms, found 1 plugins.
Preloading 0 native plugins for Editor in 0.00 ms.
Mono: successfully reloaded assembly
- Completed reload, in  0.855 seconds
Platform modules already initialized, skipping
Refreshing native plugins compatible for Editor in 0.35 ms, found 1 plugins.
Preloading 0 native plugins for Editor in 0.00 ms.
Unloading 1799 Unused Serialized files (Serialized files now loaded: 0)
System memory in use before: 88.0 MB.
System memory in use after: 88.1 MB.

Unloading 8 unused Assets to reduce memory usage. Loaded Objects now: 2328.
Total: 2.108700 ms (FindLiveObjects: 0.172800 ms CreateObjectMapping: 0.051000 ms MarkObjects: 1.830800 ms  DeleteObjects: 0.053100 ms)

========================================================================
Received Prepare
Registering precompiled user dll's ...
Registered in 0.000934 seconds.
Begin MonoManager ReloadAssembly
Native extension for WindowsStandalone target not found
Native extension for WebGL target not found
Refreshing native plugins compatible for Editor in 0.36 ms, found 1 plugins.
Preloading 0 native plugins for Editor in 0.00 ms.
Mono: successfully reloaded assembly
- Completed reload, in  0.868 seconds
Platform modules already initialized, skipping
Refreshing native plugins compatible for Editor in 0.43 ms, found 1 plugins.
Preloading 0 native plugins for Editor in 0.00 ms.
Unloading 1799 Unused Serialized files (Serialized files now loaded: 0)
System memory in use before: 88.0 MB.
System memory in use after: 88.1 MB.

Unloading 8 unused Assets to reduce memory usage. Loaded Objects now: 2332.
Total: 2.069100 ms (FindLiveObjects: 0.187500 ms CreateObjectMapping: 0.053500 ms MarkObjects: 1.777300 ms  DeleteObjects: 0.049700 ms)

========================================================================
Received Prepare
Registering precompiled user dll's ...
Registered in 0.001433 seconds.
Begin MonoManager ReloadAssembly
Native extension for WindowsStandalone target not found
Native extension for WebGL target not found
Refreshing native plugins compatible for Editor in 0.37 ms, found 1 plugins.
Preloading 0 native plugins for Editor in 0.00 ms.
Mono: successfully reloaded assembly
- Completed reload, in  0.876 seconds
Platform modules already initialized, skipping
Refreshing native plugins compatible for Editor in 0.43 ms, found 1 plugins.
Preloading 0 native plugins for Editor in 0.00 ms.
Unloading 1799 Unused Serialized files (Serialized files now loaded: 0)
System memory in use before: 88.0 MB.
System memory in use after: 88.1 MB.

Unloading 8 unused Assets to reduce memory usage. Loaded Objects now: 2336.
Total: 2.420500 ms (FindLiveObjects: 0.247800 ms CreateObjectMapping: 0.086700 ms MarkObjects: 2.012100 ms  DeleteObjects: 0.072600 ms)

========================================================================
Received Prepare
Registering precompiled user dll's ...
Registered in 0.000998 seconds.
Begin MonoManager ReloadAssembly
Native extension for WindowsStandalone target not found
Native extension for WebGL target not found
Refreshing native plugins compatible for Editor in 0.35 ms, found 1 plugins.
Preloading 0 native plugins for Editor in 0.00 ms.
Mono: successfully reloaded assembly
- Completed reload, in  0.866 seconds
Platform modules already initialized, skipping
Refreshing native plugins compatible for Editor in 0.37 ms, found 1 plugins.
Preloading 0 native plugins for Editor in 0.00 ms.
Unloading 1799 Unused Serialized files (Serialized files now loaded: 0)
System memory in use before: 88.0 MB.
System memory in use after: 88.1 MB.

Unloading 8 unused Assets to reduce memory usage. Loaded Objects now: 2340.
Total: 2.314500 ms (FindLiveObjects: 0.191800 ms CreateObjectMapping: 0.071400 ms MarkObjects: 1.992500 ms  DeleteObjects: 0.057900 ms)

========================================================================
Received Prepare
Registering precompiled user dll's ...
Registered in 0.001115 seconds.
Begin MonoManager ReloadAssembly
Native extension for WindowsStandalone target not found
Native extension for WebGL target not found
Refreshing native plugins compatible for Editor in 0.34 ms, found 1 plugins.
Preloading 0 native plugins for Editor in 0.00 ms.
Mono: successfully reloaded assembly
- Completed reload, in  0.863 seconds
Platform modules already initialized, skipping
Refreshing native plugins compatible for Editor in 0.42 ms, found 1 plugins.
Preloading 0 native plugins for Editor in 0.00 ms.
Unloading 1799 Unused Serialized files (Serialized files now loaded: 0)
System memory in use before: 88.0 MB.
System memory in use after: 88.1 MB.

Unloading 8 unused Assets to reduce memory usage. Loaded Objects now: 2344.
Total: 2.474800 ms (FindLiveObjects: 0.227100 ms CreateObjectMapping: 0.072700 ms MarkObjects: 2.104700 ms  DeleteObjects: 0.069100 ms)

========================================================================
Received Prepare
Registering precompiled user dll's ...
Registered in 0.000991 seconds.
Begin MonoManager ReloadAssembly
Native extension for WindowsStandalone target not found
Native extension for WebGL target not found
Refreshing native plugins compatible for Editor in 0.36 ms, found 1 plugins.
Preloading 0 native plugins for Editor in 0.00 ms.
Mono: successfully reloaded assembly
- Completed reload, in  0.858 seconds
Platform modules already initialized, skipping
Refreshing native plugins compatible for Editor in 0.44 ms, found 1 plugins.
Preloading 0 native plugins for Editor in 0.00 ms.
Unloading 1799 Unused Serialized files (Serialized files now loaded: 0)
System memory in use before: 88.0 MB.
System memory in use after: 88.1 MB.

Unloading 8 unused Assets to reduce memory usage. Loaded Objects now: 2348.
Total: 3.740500 ms (FindLiveObjects: 0.206400 ms CreateObjectMapping: 0.105400 ms MarkObjects: 3.332300 ms  DeleteObjects: 0.095000 ms)

========================================================================
Received Prepare
Registering precompiled user dll's ...
Registered in 0.000914 seconds.
Begin MonoManager ReloadAssembly
Native extension for WindowsStandalone target not found
Native extension for WebGL target not found
Refreshing native plugins compatible for Editor in 0.37 ms, found 1 plugins.
Preloading 0 native plugins for Editor in 0.00 ms.
Mono: successfully reloaded assembly
- Completed reload, in  0.878 seconds
Platform modules already initialized, skipping
Refreshing native plugins compatible for Editor in 0.46 ms, found 1 plugins.
Preloading 0 native plugins for Editor in 0.00 ms.
Unloading 1799 Unused Serialized files (Serialized files now loaded: 0)
System memory in use before: 88.0 MB.
System memory in use after: 88.1 MB.

Unloading 8 unused Assets to reduce memory usage. Loaded Objects now: 2352.
Total: 2.113800 ms (FindLiveObjects: 0.187700 ms CreateObjectMapping: 0.067600 ms MarkObjects: 1.787800 ms  DeleteObjects: 0.069400 ms)

========================================================================
Received Prepare
Registering precompiled user dll's ...
Registered in 0.000937 seconds.
Begin MonoManager ReloadAssembly
Native extension for WindowsStandalone target not found
Native extension for WebGL target not found
Refreshing native plugins compatible for Editor in 0.37 ms, found 1 plugins.
Preloading 0 native plugins for Editor in 0.00 ms.
Mono: successfully reloaded assembly
- Completed reload, in  0.874 seconds
Platform modules already initialized, skipping
Refreshing native plugins compatible for Editor in 0.70 ms, found 1 plugins.
Preloading 0 native plugins for Editor in 0.00 ms.
Unloading 1799 Unused Serialized files (Serialized files now loaded: 0)
System memory in use before: 88.1 MB.
System memory in use after: 88.2 MB.

Unloading 8 unused Assets to reduce memory usage. Loaded Objects now: 2356.
Total: 3.534200 ms (FindLiveObjects: 0.214800 ms CreateObjectMapping: 0.066400 ms MarkObjects: 3.178100 ms  DeleteObjects: 0.074000 ms)

========================================================================
Received Prepare
Registering precompiled user dll's ...
Registered in 0.000942 seconds.
Begin MonoManager ReloadAssembly
Native extension for WindowsStandalone target not found
Native extension for WebGL target not found
Refreshing native plugins compatible for Editor in 0.34 ms, found 1 plugins.
Preloading 0 native plugins for Editor in 0.00 ms.
Mono: successfully reloaded assembly
- Completed reload, in  0.887 seconds
Platform modules already initialized, skipping
Refreshing native plugins compatible for Editor in 0.43 ms, found 1 plugins.
Preloading 0 native plugins for Editor in 0.00 ms.
Unloading 1799 Unused Serialized files (Serialized files now loaded: 0)
System memory in use before: 88.1 MB.
System memory in use after: 88.2 MB.

Unloading 8 unused Assets to reduce memory usage. Loaded Objects now: 2360.
Total: 2.000900 ms (FindLiveObjects: 0.175200 ms CreateObjectMapping: 0.058100 ms MarkObjects: 1.711900 ms  DeleteObjects: 0.054800 ms)

========================================================================
Received Prepare
Registering precompiled user dll's ...
Registered in 0.000956 seconds.
Begin MonoManager ReloadAssembly
Native extension for WindowsStandalone target not found
Native extension for WebGL target not found
Refreshing native plugins compatible for Editor in 0.40 ms, found 1 plugins.
Preloading 0 native plugins for Editor in 0.00 ms.
Mono: successfully reloaded assembly
- Completed reload, in  0.861 seconds
Platform modules already initialized, skipping
Refreshing native plugins compatible for Editor in 0.37 ms, found 1 plugins.
Preloading 0 native plugins for Editor in 0.00 ms.
Unloading 1799 Unused Serialized files (Serialized files now loaded: 0)
System memory in use before: 88.1 MB.
System memory in use after: 88.2 MB.

Unloading 8 unused Assets to reduce memory usage. Loaded Objects now: 2364.
Total: 2.134600 ms (FindLiveObjects: 0.201700 ms CreateObjectMapping: 0.053700 ms MarkObjects: 1.822800 ms  DeleteObjects: 0.055500 ms)

========================================================================
Received Prepare
Registering precompiled user dll's ...
Registered in 0.001026 seconds.
Begin MonoManager ReloadAssembly
Native extension for WindowsStandalone target not found
Native extension for WebGL target not found
Refreshing native plugins compatible for Editor in 0.35 ms, found 1 plugins.
Preloading 0 native plugins for Editor in 0.00 ms.
Mono: successfully reloaded assembly
- Completed reload, in  0.875 seconds
Platform modules already initialized, skipping
Refreshing native plugins compatible for Editor in 0.70 ms, found 1 plugins.
Preloading 0 native plugins for Editor in 0.00 ms.
Unloading 1799 Unused Serialized files (Serialized files now loaded: 0)
System memory in use before: 88.1 MB.
System memory in use after: 88.2 MB.

Unloading 8 unused Assets to reduce memory usage. Loaded Objects now: 2368.
Total: 2.208100 ms (FindLiveObjects: 0.203300 ms CreateObjectMapping: 0.071400 ms MarkObjects: 1.877900 ms  DeleteObjects: 0.054600 ms)

========================================================================
Received Prepare
Registering precompiled user dll's ...
Registered in 0.001045 seconds.
Begin MonoManager ReloadAssembly
Native extension for WindowsStandalone target not found
Native extension for WebGL target not found
Refreshing native plugins compatible for Editor in 0.32 ms, found 1 plugins.
Preloading 0 native plugins for Editor in 0.00 ms.
Mono: successfully reloaded assembly
- Completed reload, in  0.794 seconds
Platform modules already initialized, skipping
Refreshing native plugins compatible for Editor in 0.37 ms, found 1 plugins.
Preloading 0 native plugins for Editor in 0.00 ms.
Unloading 1799 Unused Serialized files (Serialized files now loaded: 0)
System memory in use before: 88.1 MB.
System memory in use after: 88.2 MB.

Unloading 8 unused Assets to reduce memory usage. Loaded Objects now: 2372.
Total: 2.761700 ms (FindLiveObjects: 0.342000 ms CreateObjectMapping: 0.119900 ms MarkObjects: 2.243500 ms  DeleteObjects: 0.055100 ms)

========================================================================
Received Prepare
Registering precompiled user dll's ...
Registered in 0.002290 seconds.
Begin MonoManager ReloadAssembly
Native extension for WindowsStandalone target not found
Native extension for WebGL target not found
Refreshing native plugins compatible for Editor in 0.68 ms, found 1 plugins.
Preloading 0 native plugins for Editor in 0.00 ms.
Mono: successfully reloaded assembly
- Completed reload, in  0.880 seconds
Platform modules already initialized, skipping
Refreshing native plugins compatible for Editor in 0.33 ms, found 1 plugins.
Preloading 0 native plugins for Editor in 0.00 ms.
Unloading 1799 Unused Serialized files (Serialized files now loaded: 0)
System memory in use before: 88.1 MB.
System memory in use after: 88.2 MB.

Unloading 8 unused Assets to reduce memory usage. Loaded Objects now: 2376.
Total: 1.988600 ms (FindLiveObjects: 0.183800 ms CreateObjectMapping: 0.055100 ms MarkObjects: 1.701400 ms  DeleteObjects: 0.047400 ms)

========================================================================
Received Import Request.
  Time since last request: 3726.296082 seconds.
  path: Assets/Animation/btn_down.anim
  artifactKey: Guid(c75d42764fbfe1742a706c0440e9a60f) Importer(815301076,1909f56bfc062723c751e8b465ee728b)
Start importing Assets/Animation/btn_down.anim using Guid(c75d42764fbfe1742a706c0440e9a60f) Importer(815301076,1909f56bfc062723c751e8b465ee728b)  -> (artifact id: '86a1af3dec4c6673d1d3aff5488e6fd0') in 0.037347 seconds
  Import took 0.042225 seconds .

========================================================================
Received Import Request.
  Time since last request: 16.897942 seconds.
  path: Assets/Animation/camera.controller
  artifactKey: Guid(36274e76217699d44b3d2cb99b9652be) Importer(815301076,1909f56bfc062723c751e8b465ee728b)
Start importing Assets/Animation/camera.controller using Guid(36274e76217699d44b3d2cb99b9652be) Importer(815301076,1909f56bfc062723c751e8b465ee728b)  -> (artifact id: 'a6b868fc684d0178934ea3940758ae2e') in 0.012146 seconds
  Import took 0.016239 seconds .

========================================================================
Received Import Request.
  Time since last request: 47.733301 seconds.
  path: Assets/Animation/btn_down 1.anim
  artifactKey: Guid(e53e997e3ea0382408a7635b42a54e88) Importer(815301076,1909f56bfc062723c751e8b465ee728b)
Start importing Assets/Animation/btn_down 1.anim using Guid(e53e997e3ea0382408a7635b42a54e88) Importer(815301076,1909f56bfc062723c751e8b465ee728b)  -> (artifact id: '3a69f34a7e9bbb264244a16de324c218') in 0.010290 seconds
  Import took 0.014175 seconds .

========================================================================
Received Import Request.
  Time since last request: 0.000726 seconds.
  path: Assets/Animation/btn_down 1.anim
  artifactKey: Guid(e53e997e3ea0382408a7635b42a54e88) Importer(815301076,1909f56bfc062723c751e8b465ee728b)
Start importing Assets/Animation/btn_down 1.anim using Guid(e53e997e3ea0382408a7635b42a54e88) Importer(815301076,1909f56bfc062723c751e8b465ee728b)  -> (artifact id: '3a69f34a7e9bbb264244a16de324c218') in 0.003067 seconds
  Import took 0.007143 seconds .

========================================================================
Received Import Request.
  Time since last request: 6.390195 seconds.
  path: Assets/Animation/btn_up.anim
  artifactKey: Guid(e53e997e3ea0382408a7635b42a54e88) Importer(815301076,1909f56bfc062723c751e8b465ee728b)
Start importing Assets/Animation/btn_up.anim using Guid(e53e997e3ea0382408a7635b42a54e88) Importer(815301076,1909f56bfc062723c751e8b465ee728b)  -> (artifact id: 'ef9c486432f50dbfaf1bed86ea8653e7') in 0.009059 seconds
  Import took 0.012566 seconds .

========================================================================
Received Import Request.
  Time since last request: 47.106016 seconds.
  path: Assets/Scripts
  artifactKey: Guid(77eaead07e2815f4890368e20be42830) Importer(815301076,1909f56bfc062723c751e8b465ee728b)
Start importing Assets/Scripts using Guid(77eaead07e2815f4890368e20be42830) Importer(815301076,1909f56bfc062723c751e8b465ee728b)  -> (artifact id: 'f06add8d868df12e964c02a318e597f8') in 0.008977 seconds
  Import took 0.012452 seconds .

========================================================================
Received Import Request.
  Time since last request: 13.425492 seconds.
  path: Assets/Scripts/MainUI.cs
  artifactKey: Guid(c94b679389db3034cb371f60c890bcf9) Importer(815301076,1909f56bfc062723c751e8b465ee728b)
Start importing Assets/Scripts/MainUI.cs using Guid(c94b679389db3034cb371f60c890bcf9) Importer(815301076,1909f56bfc062723c751e8b465ee728b)  -> (artifact id: '3d0de9d80be656311e9abf4dd6f2ceba') in 0.012142 seconds
  Import took 0.016664 seconds .

========================================================================
Received Prepare
Registering precompiled user dll's ...
Registered in 0.000905 seconds.
Begin MonoManager ReloadAssembly
Native extension for WindowsStandalone target not found
Native extension for WebGL target not found
Refreshing native plugins compatible for Editor in 0.35 ms, found 1 plugins.
Preloading 0 native plugins for Editor in 0.00 ms.
Mono: successfully reloaded assembly
- Completed reload, in  0.978 seconds
Platform modules already initialized, skipping
Refreshing native plugins compatible for Editor in 0.36 ms, found 1 plugins.
Preloading 0 native plugins for Editor in 0.00 ms.
Unloading 1800 Unused Serialized files (Serialized files now loaded: 0)
System memory in use before: 88.2 MB.
System memory in use after: 88.2 MB.

Unloading 8 unused Assets to reduce memory usage. Loaded Objects now: 2381.
Total: 2.335500 ms (FindLiveObjects: 0.220300 ms CreateObjectMapping: 0.073200 ms MarkObjects: 1.983000 ms  DeleteObjects: 0.058200 ms)

========================================================================
Received Prepare
Registering precompiled user dll's ...
Registered in 0.001387 seconds.
Begin MonoManager ReloadAssembly
Native extension for WindowsStandalone target not found
Native extension for WebGL target not found
Refreshing native plugins compatible for Editor in 0.38 ms, found 1 plugins.
Preloading 0 native plugins for Editor in 0.00 ms.
Mono: successfully reloaded assembly
- Completed reload, in  0.844 seconds
Platform modules already initialized, skipping
Refreshing native plugins compatible for Editor in 0.33 ms, found 1 plugins.
Preloading 0 native plugins for Editor in 0.00 ms.
Unloading 1800 Unused Serialized files (Serialized files now loaded: 0)
System memory in use before: 88.2 MB.
System memory in use after: 88.3 MB.

Unloading 8 unused Assets to reduce memory usage. Loaded Objects now: 2385.
Total: 1.987500 ms (FindLiveObjects: 0.187000 ms CreateObjectMapping: 0.055500 ms MarkObjects: 1.700400 ms  DeleteObjects: 0.043700 ms)

========================================================================
Received Import Request.
  Time since last request: 174.976511 seconds.
  path: Assets/Scripts/MainUI.cs
  artifactKey: Guid(c94b679389db3034cb371f60c890bcf9) Importer(815301076,1909f56bfc062723c751e8b465ee728b)
Start importing Assets/Scripts/MainUI.cs using Guid(c94b679389db3034cb371f60c890bcf9) Importer(815301076,1909f56bfc062723c751e8b465ee728b)  -> (artifact id: 'a0fe94253c6cc879a85d6b3a84fc145a') in 0.008253 seconds
  Import took 0.011381 seconds .

========================================================================
Received Prepare
Registering precompiled user dll's ...
Registered in 0.001451 seconds.
Begin MonoManager ReloadAssembly
Native extension for WindowsStandalone target not found
Native extension for WebGL target not found
Refreshing native plugins compatible for Editor in 0.35 ms, found 1 plugins.
Preloading 0 native plugins for Editor in 0.00 ms.
Mono: successfully reloaded assembly
- Completed reload, in  0.901 seconds
Platform modules already initialized, skipping
Refreshing native plugins compatible for Editor in 0.41 ms, found 1 plugins.
Preloading 0 native plugins for Editor in 0.00 ms.
Unloading 1800 Unused Serialized files (Serialized files now loaded: 0)
System memory in use before: 88.2 MB.
System memory in use after: 88.3 MB.

Unloading 8 unused Assets to reduce memory usage. Loaded Objects now: 2389.
Total: 2.590100 ms (FindLiveObjects: 0.238200 ms CreateObjectMapping: 0.094000 ms MarkObjects: 2.185100 ms  DeleteObjects: 0.070700 ms)

========================================================================
Received Prepare
Registering precompiled user dll's ...
Registered in 0.001010 seconds.
Begin MonoManager ReloadAssembly
Native extension for WindowsStandalone target not found
Native extension for WebGL target not found
Refreshing native plugins compatible for Editor in 0.34 ms, found 1 plugins.
Preloading 0 native plugins for Editor in 0.00 ms.
Mono: successfully reloaded assembly
- Completed reload, in  0.883 seconds
Platform modules already initialized, skipping
Refreshing native plugins compatible for Editor in 0.62 ms, found 1 plugins.
Preloading 0 native plugins for Editor in 0.00 ms.
Unloading 1800 Unused Serialized files (Serialized files now loaded: 0)
System memory in use before: 88.2 MB.
System memory in use after: 88.3 MB.

Unloading 8 unused Assets to reduce memory usage. Loaded Objects now: 2393.
Total: 2.110400 ms (FindLiveObjects: 0.186900 ms CreateObjectMapping: 0.060900 ms MarkObjects: 1.814800 ms  DeleteObjects: 0.047000 ms)

========================================================================
Received Prepare
Registering precompiled user dll's ...
Registered in 0.000925 seconds.
Begin MonoManager ReloadAssembly
Native extension for WindowsStandalone target not found
Native extension for WebGL target not found
Refreshing native plugins compatible for Editor in 0.35 ms, found 1 plugins.
Preloading 0 native plugins for Editor in 0.00 ms.
Mono: successfully reloaded assembly
- Completed reload, in  0.867 seconds
Platform modules already initialized, skipping
Refreshing native plugins compatible for Editor in 0.37 ms, found 1 plugins.
Preloading 0 native plugins for Editor in 0.00 ms.
Unloading 1800 Unused Serialized files (Serialized files now loaded: 0)
System memory in use before: 88.2 MB.
System memory in use after: 88.3 MB.

Unloading 8 unused Assets to reduce memory usage. Loaded Objects now: 2397.
Total: 2.392200 ms (FindLiveObjects: 0.202300 ms CreateObjectMapping: 0.089100 ms MarkObjects: 2.019300 ms  DeleteObjects: 0.080300 ms)

========================================================================
Received Prepare
Registering precompiled user dll's ...
Registered in 0.000950 seconds.
Begin MonoManager ReloadAssembly
Native extension for WindowsStandalone target not found
Native extension for WebGL target not found
Refreshing native plugins compatible for Editor in 0.32 ms, found 1 plugins.
Preloading 0 native plugins for Editor in 0.00 ms.
Mono: successfully reloaded assembly
- Completed reload, in  0.872 seconds
Platform modules already initialized, skipping
Refreshing native plugins compatible for Editor in 0.39 ms, found 1 plugins.
Preloading 0 native plugins for Editor in 0.00 ms.
Unloading 1800 Unused Serialized files (Serialized files now loaded: 0)
System memory in use before: 88.2 MB.
System memory in use after: 88.3 MB.

Unloading 8 unused Assets to reduce memory usage. Loaded Objects now: 2401.
Total: 2.296600 ms (FindLiveObjects: 0.231900 ms CreateObjectMapping: 0.108600 ms MarkObjects: 1.893900 ms  DeleteObjects: 0.061000 ms)

========================================================================
Received Prepare
Registering precompiled user dll's ...
Registered in 0.000911 seconds.
Begin MonoManager ReloadAssembly
Native extension for WindowsStandalone target not found
Native extension for WebGL target not found
Refreshing native plugins compatible for Editor in 0.32 ms, found 1 plugins.
Preloading 0 native plugins for Editor in 0.00 ms.
Mono: successfully reloaded assembly
- Completed reload, in  0.866 seconds
Platform modules already initialized, skipping
Refreshing native plugins compatible for Editor in 0.37 ms, found 1 plugins.
Preloading 0 native plugins for Editor in 0.00 ms.
Unloading 1800 Unused Serialized files (Serialized files now loaded: 0)
System memory in use before: 88.2 MB.
System memory in use after: 88.3 MB.

Unloading 8 unused Assets to reduce memory usage. Loaded Objects now: 2405.
Total: 1.925400 ms (FindLiveObjects: 0.182300 ms CreateObjectMapping: 0.050500 ms MarkObjects: 1.648200 ms  DeleteObjects: 0.043500 ms)

========================================================================
Received Import Request.
  Time since last request: 190.718599 seconds.
  path: Assets/Animation/open_came.anim
  artifactKey: Guid(e15abefd577d8f44f92a4f24c2a3a934) Importer(815301076,1909f56bfc062723c751e8b465ee728b)
Start importing Assets/Animation/open_came.anim using Guid(e15abefd577d8f44f92a4f24c2a3a934) Importer(815301076,1909f56bfc062723c751e8b465ee728b)  -> (artifact id: '6d402bbf59bca8eb0a0152bcc3e3d362') in 0.034842 seconds
  Import took 0.047708 seconds .

========================================================================
Received Import Request.
  Time since last request: 6.029453 seconds.
  path: Assets/Animation/open_box.anim
  artifactKey: Guid(e15abefd577d8f44f92a4f24c2a3a934) Importer(815301076,1909f56bfc062723c751e8b465ee728b)
Start importing Assets/Animation/open_box.anim using Guid(e15abefd577d8f44f92a4f24c2a3a934) Importer(815301076,1909f56bfc062723c751e8b465ee728b)  -> (artifact id: 'f455a385a145f8abf6cae44363bf8019') in 0.010115 seconds
  Import took 0.013364 seconds .

========================================================================
Received Prepare
Registering precompiled user dll's ...
Registered in 0.001332 seconds.
Begin MonoManager ReloadAssembly
Native extension for WindowsStandalone target not found
Native extension for WebGL target not found
Refreshing native plugins compatible for Editor in 0.35 ms, found 1 plugins.
Preloading 0 native plugins for Editor in 0.00 ms.
Mono: successfully reloaded assembly
- Completed reload, in  0.782 seconds
Platform modules already initialized, skipping
Refreshing native plugins compatible for Editor in 0.34 ms, found 1 plugins.
Preloading 0 native plugins for Editor in 0.00 ms.
Unloading 1800 Unused Serialized files (Serialized files now loaded: 0)
System memory in use before: 88.2 MB.
System memory in use after: 88.3 MB.

Unloading 8 unused Assets to reduce memory usage. Loaded Objects now: 2409.
Total: 2.003700 ms (FindLiveObjects: 0.180100 ms CreateObjectMapping: 0.053600 ms MarkObjects: 1.723400 ms  DeleteObjects: 0.045900 ms)

