Using pre-set license

 COMMAND LINE ARGUMENTS:
/Applications/Unity/Hub/Editor/2020.3.9f1/Unity.app/Contents/MacOS/Unity
-adb2
-batchMode
-noUpm
-name
AssetImportWorker0
-projectPath
/Users/mqodir/Documents/GitHub/Pictor
-logFile
Logs/AssetImportWorker0.log
-srvPort
63871
Successfully changed project path to: /Users/mqodir/Documents/GitHub/Pictor
/Users/mqodir/Documents/GitHub/Pictor
Using Asset Import Pipeline V2.
Refreshing native plugins compatible for Editor in 92.24 ms, found 2 plugins.
Preloading 0 native plugins for Editor in 0.00 ms.
Initialize engine version: 2020.3.9f1 (108be757e447)
[Subsystems] Discovering subsystems at path /Applications/Unity/Hub/Editor/2020.3.9f1/Unity.app/Contents/Resources/UnitySubsystems
[Subsystems] Discovering subsystems at path /Users/mqodir/Documents/GitHub/Pictor/Assets
GfxDevice: creating device client; threaded=0
2021-09-08 13:39:20.830 Unity[92972:4195949] Color LCD preferred device: Intel(R) Iris(TM) Graphics 6000 (low power)
2021-09-08 13:39:20.830 Unity[92972:4195949] Metal devices available: 1
2021-09-08 13:39:20.830 Unity[92972:4195949] 0: Intel(R) Iris(TM) Graphics 6000 (low power)
2021-09-08 13:39:20.831 Unity[92972:4195949] Using device Intel(R) Iris(TM) Graphics 6000 (low power)
Initializing Metal device caps: Intel(R) Iris(TM) Graphics 6000
Initialize mono
Mono path[0] = '/Applications/Unity/Hub/Editor/2020.3.9f1/Unity.app/Contents/Managed'
Mono path[1] = '/Applications/Unity/Hub/Editor/2020.3.9f1/Unity.app/Contents/MonoBleedingEdge/lib/mono/unityjit'
Mono config path = '/Applications/Unity/Hub/Editor/2020.3.9f1/Unity.app/Contents/MonoBleedingEdge/etc'
Using monoOptions --debugger-agent=transport=dt_socket,embedding=1,server=y,suspend=n,address=127.0.0.1:56972
Begin MonoManager ReloadAssembly
Registering precompiled unity dll's ...
Register platform support module: /Applications/Unity/Hub/Editor/2020.3.9f1/PlaybackEngines/WebGLSupport/UnityEditor.WebGL.Extensions.dll
Register platform support module: /Applications/Unity/Hub/Editor/2020.3.9f1/Unity.app/Contents/PlaybackEngines/MacStandaloneSupport/UnityEditor.OSXStandalone.Extensions.dll
Registered in 0.004285 seconds.
Native extension for OSXStandalone target not found
Native extension for WebGL target not found
Refreshing native plugins compatible for Editor in 70.47 ms, found 2 plugins.
Preloading 0 native plugins for Editor in 0.00 ms.
Mono: successfully reloaded assembly
- Completed reload, in  2.261 seconds
Platform modules already initialized, skipping
Registering precompiled user dll's ...
Registered in 0.011996 seconds.
Begin MonoManager ReloadAssembly
Native extension for OSXStandalone target not found
Native extension for WebGL target not found
Refreshing native plugins compatible for Editor in 66.33 ms, found 2 plugins.
Preloading 0 native plugins for Editor in 0.00 ms.
Mono: successfully reloaded assembly
- Completed reload, in  2.101 seconds
Platform modules already initialized, skipping
========================================================================
Worker process is ready to serve import requests
Launching external process: /Applications/Unity/Hub/Editor/2020.3.9f1/Unity.app/Contents/Tools/UnityShaderCompiler
Launched and connected shader compiler UnityShaderCompiler after 0.04 seconds
Refreshing native plugins compatible for Editor in 0.89 ms, found 2 plugins.
Preloading 0 native plugins for Editor in 0.00 ms.
Unloading 2279 Unused Serialized files (Serialized files now loaded: 0)
System memory in use before: 157.5 MB.
System memory in use after: 157.6 MB.

Unloading 56 unused Assets to reduce memory usage. Loaded Objects now: 2695.
Total: 9.869946 ms (FindLiveObjects: 0.644356 ms CreateObjectMapping: 0.255619 ms MarkObjects: 8.836499 ms  DeleteObjects: 0.131825 ms)

========================================================================
Received Import Request.
  path: Assets/Scripts/MainUI.cs
  artifactKey: Guid(c94b679389db3034cb371f60c890bcf9) Importer(815301076,1909f56bfc062723c751e8b465ee728b)
Start importing Assets/Scripts/MainUI.cs using Guid(c94b679389db3034cb371f60c890bcf9) Importer(815301076,1909f56bfc062723c751e8b465ee728b)  -> (artifact id: '4ff8634276e3a1e28a88586922a795ce') in 0.718956 seconds
  Import took 0.724924 seconds .

========================================================================
Received Import Request.
  Time since last request: 20.980781 seconds.
  path: Assets/Scripts/MainUI.cs
  artifactKey: Guid(c94b679389db3034cb371f60c890bcf9) Importer(815301076,1909f56bfc062723c751e8b465ee728b)
Start importing Assets/Scripts/MainUI.cs using Guid(c94b679389db3034cb371f60c890bcf9) Importer(815301076,1909f56bfc062723c751e8b465ee728b)  -> (artifact id: 'c2bd66f511e698fccb013bbb0d0ab654') in 0.004508 seconds
  Import took 0.015502 seconds .

========================================================================
Received Import Request.
  Time since last request: 691.807697 seconds.
  path: Assets/Scenes/Main.unity
  artifactKey: Guid(5bbbb50319aa4b24b83bf24e32c118af) Importer(815301076,1909f56bfc062723c751e8b465ee728b)
Start importing Assets/Scenes/Main.unity using Guid(5bbbb50319aa4b24b83bf24e32c118af) Importer(815301076,1909f56bfc062723c751e8b465ee728b)  -> (artifact id: 'fef0c59a809f80ec26531c7fe72cbb58') in 0.017213 seconds
  Import took 0.025631 seconds .

========================================================================
Received Import Request.
  Time since last request: 343.711816 seconds.
  path: Assets/Animation/image_picker
  artifactKey: Guid(f3f52434385a24b3b880ec4bb98ef78c) Importer(815301076,1909f56bfc062723c751e8b465ee728b)
Start importing Assets/Animation/image_picker using Guid(f3f52434385a24b3b880ec4bb98ef78c) Importer(815301076,1909f56bfc062723c751e8b465ee728b)  -> (artifact id: '45cc0c2fc06ed00cdc91e4814d71ac02') in 0.008743 seconds
  Import took 0.016412 seconds .

========================================================================
Received Import Request.
  Time since last request: 26.670957 seconds.
  path: Assets/Animation/image_picker/show.anim
  artifactKey: Guid(3a8947b8ed9ab4f989a099d315c356d7) Importer(815301076,1909f56bfc062723c751e8b465ee728b)
Start importing Assets/Animation/image_picker/show.anim using Guid(3a8947b8ed9ab4f989a099d315c356d7) Importer(815301076,1909f56bfc062723c751e8b465ee728b)  -> (artifact id: '966c7c6c9497ae1a75c05b230c7a62bf') in 0.562706 seconds
  Import took 0.568960 seconds .

========================================================================
Received Import Request.
  Time since last request: 2137.231558 seconds.
  path: Assets/500x500.jpeg
  artifactKey: Guid(e7e8f271d0eb04edd99a257bef651b19) Importer(815301076,1909f56bfc062723c751e8b465ee728b)
Start importing Assets/500x500.jpeg using Guid(e7e8f271d0eb04edd99a257bef651b19) Importer(815301076,1909f56bfc062723c751e8b465ee728b)  -> (artifact id: 'c751cdbc2d58d421d56197203b2fc539') in 0.765600 seconds
  Import took 0.778462 seconds .

========================================================================
Received Import Request.
  Time since last request: 26.115636 seconds.
  path: Assets/Sprites/423341110329_Qy737Vid_l.jpeg
  artifactKey: Guid(de40b0cdb4bba4828a4baf2a29a50c27) Importer(815301076,1909f56bfc062723c751e8b465ee728b)
Start importing Assets/Sprites/423341110329_Qy737Vid_l.jpeg using Guid(de40b0cdb4bba4828a4baf2a29a50c27) Importer(815301076,1909f56bfc062723c751e8b465ee728b)  -> (artifact id: '6766c05f5e29257f6127d0e63b18bb4f') in 0.023728 seconds
  Import took 0.031221 seconds .

========================================================================
Received Import Request.
  Time since last request: 0.008329 seconds.
  path: Assets/Sprites/423341110329_Qy737Vid_l.jpeg
  artifactKey: Guid(de40b0cdb4bba4828a4baf2a29a50c27) Importer(815301076,1909f56bfc062723c751e8b465ee728b)
Start importing Assets/Sprites/423341110329_Qy737Vid_l.jpeg using Guid(de40b0cdb4bba4828a4baf2a29a50c27) Importer(815301076,1909f56bfc062723c751e8b465ee728b)  -> (artifact id: '6766c05f5e29257f6127d0e63b18bb4f') in 0.015990 seconds
  Import took 0.027171 seconds .

========================================================================
Received Import Request.
  Time since last request: 3.571222 seconds.
  path: Assets/Sprites/500x500.jpeg
  artifactKey: Guid(e7e8f271d0eb04edd99a257bef651b19) Importer(815301076,1909f56bfc062723c751e8b465ee728b)
Start importing Assets/Sprites/500x500.jpeg using Guid(e7e8f271d0eb04edd99a257bef651b19) Importer(815301076,1909f56bfc062723c751e8b465ee728b)  -> (artifact id: '1b2b93ce2173ef921fd564b316efeecb') in 0.151944 seconds
  Import took 0.159128 seconds .

========================================================================
Received Import Request.
  Time since last request: 4.575573 seconds.
  path: Assets/Sprites/image1.jpeg
  artifactKey: Guid(e7e8f271d0eb04edd99a257bef651b19) Importer(815301076,1909f56bfc062723c751e8b465ee728b)
Start importing Assets/Sprites/image1.jpeg using Guid(e7e8f271d0eb04edd99a257bef651b19) Importer(815301076,1909f56bfc062723c751e8b465ee728b)  -> (artifact id: '11695a2b3a20f465e9b1d0efa250a4f1') in 0.026623 seconds
  Import took 0.036438 seconds .

========================================================================
Received Import Request.
  Time since last request: 4.182210 seconds.
  path: Assets/Sprites/image2.jpeg
  artifactKey: Guid(de40b0cdb4bba4828a4baf2a29a50c27) Importer(815301076,1909f56bfc062723c751e8b465ee728b)
Start importing Assets/Sprites/image2.jpeg using Guid(de40b0cdb4bba4828a4baf2a29a50c27) Importer(815301076,1909f56bfc062723c751e8b465ee728b)  -> (artifact id: '43eb514fe2333cb7223ba69b12765584') in 0.011368 seconds
  Import took 0.024167 seconds .

========================================================================
Received Import Request.
  Time since last request: 0.010143 seconds.
  path: Assets/Sprites/image2.jpeg
  artifactKey: Guid(de40b0cdb4bba4828a4baf2a29a50c27) Importer(815301076,1909f56bfc062723c751e8b465ee728b)
Start importing Assets/Sprites/image2.jpeg using Guid(de40b0cdb4bba4828a4baf2a29a50c27) Importer(815301076,1909f56bfc062723c751e8b465ee728b)  -> (artifact id: '43eb514fe2333cb7223ba69b12765584') in 0.010518 seconds
  Import took 0.019330 seconds .

========================================================================
Received Import Request.
  Time since last request: 5.547467 seconds.
  path: Assets/Sprites/image2.jpeg
  artifactKey: Guid(de40b0cdb4bba4828a4baf2a29a50c27) Importer(815301076,1909f56bfc062723c751e8b465ee728b)
Start importing Assets/Sprites/image2.jpeg using Guid(de40b0cdb4bba4828a4baf2a29a50c27) Importer(815301076,1909f56bfc062723c751e8b465ee728b)  -> (artifact id: '4682d176ca7b0abe53c3dc3d37c5e846') in 0.026887 seconds
  Import took 0.036939 seconds .

========================================================================
Received Import Request.
  Time since last request: 0.011732 seconds.
  path: Assets/Sprites/image2.jpeg
  artifactKey: Guid(de40b0cdb4bba4828a4baf2a29a50c27) Importer(815301076,1909f56bfc062723c751e8b465ee728b)
Start importing Assets/Sprites/image2.jpeg using Guid(de40b0cdb4bba4828a4baf2a29a50c27) Importer(815301076,1909f56bfc062723c751e8b465ee728b)  -> (artifact id: '4682d176ca7b0abe53c3dc3d37c5e846') in 0.023435 seconds
  Import took 0.035336 seconds .

========================================================================
Received Import Request.
  Time since last request: 24.960829 seconds.
  path: Assets/Sprites/Parley-F_-tip-of-an-iceberg-500x500.jpeg
  artifactKey: Guid(0796dc695c222437895a3663e437a7ad) Importer(815301076,1909f56bfc062723c751e8b465ee728b)
Start importing Assets/Sprites/Parley-F_-tip-of-an-iceberg-500x500.jpeg using Guid(0796dc695c222437895a3663e437a7ad) Importer(815301076,1909f56bfc062723c751e8b465ee728b)  -> (artifact id: '8a5b4f5018c2f1c8ebd095fab2267072') in 0.022105 seconds
  Import took 0.031993 seconds .

========================================================================
Received Import Request.
  Time since last request: 0.005192 seconds.
  path: Assets/Sprites/Parley-F_-tip-of-an-iceberg-500x500.jpeg
  artifactKey: Guid(0796dc695c222437895a3663e437a7ad) Importer(815301076,1909f56bfc062723c751e8b465ee728b)
Start importing Assets/Sprites/Parley-F_-tip-of-an-iceberg-500x500.jpeg using Guid(0796dc695c222437895a3663e437a7ad) Importer(815301076,1909f56bfc062723c751e8b465ee728b)  -> (artifact id: '8a5b4f5018c2f1c8ebd095fab2267072') in 0.020987 seconds
  Import took 0.032843 seconds .

========================================================================
Received Import Request.
  Time since last request: 7.280733 seconds.
  path: Assets/Sprites/image3.jpeg
  artifactKey: Guid(0796dc695c222437895a3663e437a7ad) Importer(815301076,1909f56bfc062723c751e8b465ee728b)
Start importing Assets/Sprites/image3.jpeg using Guid(0796dc695c222437895a3663e437a7ad) Importer(815301076,1909f56bfc062723c751e8b465ee728b)  -> (artifact id: 'b3a4cd9ffb5be602abde16b987abe571') in 0.013041 seconds
  Import took 0.023805 seconds .

========================================================================
Received Import Request.
  Time since last request: 0.006424 seconds.
  path: Assets/Sprites/image3.jpeg
  artifactKey: Guid(0796dc695c222437895a3663e437a7ad) Importer(815301076,1909f56bfc062723c751e8b465ee728b)
Start importing Assets/Sprites/image3.jpeg using Guid(0796dc695c222437895a3663e437a7ad) Importer(815301076,1909f56bfc062723c751e8b465ee728b)  -> (artifact id: 'b3a4cd9ffb5be602abde16b987abe571') in 0.009257 seconds
  Import took 0.017386 seconds .

========================================================================
Received Import Request.
  Time since last request: 6.320821 seconds.
  path: Assets/Sprites/image3.jpeg
  artifactKey: Guid(0796dc695c222437895a3663e437a7ad) Importer(815301076,1909f56bfc062723c751e8b465ee728b)
Start importing Assets/Sprites/image3.jpeg using Guid(0796dc695c222437895a3663e437a7ad) Importer(815301076,1909f56bfc062723c751e8b465ee728b)  -> (artifact id: 'a8e3b6749107041a122f660f82aa5c19') in 0.031921 seconds
  Import took 0.044732 seconds .

========================================================================
Received Prepare
Registering precompiled user dll's ...
Registered in 0.003763 seconds.
Begin MonoManager ReloadAssembly
Native extension for OSXStandalone target not found
Native extension for WebGL target not found
Refreshing native plugins compatible for Editor in 0.83 ms, found 2 plugins.
Preloading 0 native plugins for Editor in 0.00 ms.
Mono: successfully reloaded assembly
- Completed reload, in  1.815 seconds
Platform modules already initialized, skipping
Refreshing native plugins compatible for Editor in 1.51 ms, found 2 plugins.
Preloading 0 native plugins for Editor in 0.00 ms.
Unloading 2270 Unused Serialized files (Serialized files now loaded: 0)
System memory in use before: 173.4 MB.
System memory in use after: 173.6 MB.

Unloading 44 unused Assets to reduce memory usage. Loaded Objects now: 2705.
Total: 8.353408 ms (FindLiveObjects: 0.492250 ms CreateObjectMapping: 0.222719 ms MarkObjects: 7.516043 ms  DeleteObjects: 0.120926 ms)

========================================================================
Received Prepare
Registering precompiled user dll's ...
Registered in 0.009279 seconds.
Begin MonoManager ReloadAssembly
Native extension for OSXStandalone target not found
Native extension for WebGL target not found
Refreshing native plugins compatible for Editor in 1.05 ms, found 2 plugins.
Preloading 0 native plugins for Editor in 0.00 ms.
Mono: successfully reloaded assembly
- Completed reload, in  1.937 seconds
Platform modules already initialized, skipping
Refreshing native plugins compatible for Editor in 0.82 ms, found 2 plugins.
Preloading 0 native plugins for Editor in 0.00 ms.
Unloading 2270 Unused Serialized files (Serialized files now loaded: 0)
System memory in use before: 173.6 MB.
System memory in use after: 173.8 MB.

Unloading 44 unused Assets to reduce memory usage. Loaded Objects now: 2709.
Total: 9.823805 ms (FindLiveObjects: 0.466271 ms CreateObjectMapping: 0.114794 ms MarkObjects: 9.095680 ms  DeleteObjects: 0.145162 ms)

========================================================================
Received Prepare
Registering precompiled user dll's ...
Registered in 0.005920 seconds.
Begin MonoManager ReloadAssembly
Native extension for OSXStandalone target not found
Native extension for WebGL target not found
Refreshing native plugins compatible for Editor in 0.91 ms, found 2 plugins.
Preloading 0 native plugins for Editor in 0.00 ms.
Mono: successfully reloaded assembly
- Completed reload, in  1.718 seconds
Platform modules already initialized, skipping
Refreshing native plugins compatible for Editor in 1.57 ms, found 2 plugins.
Preloading 0 native plugins for Editor in 0.00 ms.
Unloading 2270 Unused Serialized files (Serialized files now loaded: 0)
System memory in use before: 173.8 MB.
System memory in use after: 174.0 MB.

Unloading 44 unused Assets to reduce memory usage. Loaded Objects now: 2713.
Total: 7.378549 ms (FindLiveObjects: 0.455895 ms CreateObjectMapping: 0.125679 ms MarkObjects: 6.690919 ms  DeleteObjects: 0.104391 ms)

========================================================================
Received Prepare
Registering precompiled user dll's ...
Registered in 0.001646 seconds.
Begin MonoManager ReloadAssembly
Native extension for OSXStandalone target not found
Native extension for WebGL target not found
Refreshing native plugins compatible for Editor in 0.83 ms, found 2 plugins.
Preloading 0 native plugins for Editor in 0.00 ms.
Mono: successfully reloaded assembly
- Completed reload, in  1.715 seconds
Platform modules already initialized, skipping
Refreshing native plugins compatible for Editor in 0.92 ms, found 2 plugins.
Preloading 0 native plugins for Editor in 0.00 ms.
Unloading 2270 Unused Serialized files (Serialized files now loaded: 0)
System memory in use before: 174.1 MB.
System memory in use after: 174.3 MB.

Unloading 44 unused Assets to reduce memory usage. Loaded Objects now: 2717.
Total: 9.166597 ms (FindLiveObjects: 0.520914 ms CreateObjectMapping: 0.326636 ms MarkObjects: 8.160341 ms  DeleteObjects: 0.156567 ms)

========================================================================
Received Import Request.
  Time since last request: 14130.818235 seconds.
  path: Assets/Shaders
  artifactKey: Guid(19dd8517a444c48f5aea82af00c33652) Importer(815301076,1909f56bfc062723c751e8b465ee728b)
Start importing Assets/Shaders using Guid(19dd8517a444c48f5aea82af00c33652) Importer(815301076,1909f56bfc062723c751e8b465ee728b)  -> (artifact id: 'bfadd080b1825735767790eaa72c90eb') in 0.012567 seconds
  Import took 0.018749 seconds .

========================================================================
Received Import Request.
  Time since last request: 16.508857 seconds.
  path: Assets/Shaders/grayscake.shader
  artifactKey: Guid(0789e8279f9334601a2c216229f1f6e0) Importer(815301076,1909f56bfc062723c751e8b465ee728b)
Start importing Assets/Shaders/grayscake.shader using Guid(0789e8279f9334601a2c216229f1f6e0) Importer(815301076,1909f56bfc062723c751e8b465ee728b)  -> (artifact id: 'b3b29b0d52551153769bcaa1197fb1a1') in 0.319329 seconds
  Import took 0.325541 seconds .

========================================================================
Received Import Request.
  Time since last request: 37.573152 seconds.
  path: Assets/Shaders/grayscake.shader
  artifactKey: Guid(0789e8279f9334601a2c216229f1f6e0) Importer(815301076,1909f56bfc062723c751e8b465ee728b)
Start importing Assets/Shaders/grayscake.shader using Guid(0789e8279f9334601a2c216229f1f6e0) Importer(815301076,1909f56bfc062723c751e8b465ee728b)  -> (artifact id: '03f1965d84b2c553009e86efd450783c') in 0.020314 seconds
  Import took 0.029474 seconds .

========================================================================
Received Import Request.
  Time since last request: 0.002909 seconds.
  path: Assets/Shaders/grayscake.shader
  artifactKey: Guid(0789e8279f9334601a2c216229f1f6e0) Importer(815301076,1909f56bfc062723c751e8b465ee728b)
Start importing Assets/Shaders/grayscake.shader using Guid(0789e8279f9334601a2c216229f1f6e0) Importer(815301076,1909f56bfc062723c751e8b465ee728b)  -> (artifact id: '03f1965d84b2c553009e86efd450783c') in 0.009372 seconds
  Import took 0.019711 seconds .

========================================================================
Received Import Request.
  Time since last request: 68.993131 seconds.
  path: Assets/Shaders/UI-Grayscale.shader
  artifactKey: Guid(fe5b52f237e51422ebc51086d89a818e) Importer(815301076,1909f56bfc062723c751e8b465ee728b)
Start importing Assets/Shaders/UI-Grayscale.shader using Guid(fe5b52f237e51422ebc51086d89a818e) Importer(815301076,1909f56bfc062723c751e8b465ee728b)  -> (artifact id: '479f02514f892c8a8e5ea0d6b0b93453') in 0.015644 seconds
  Import took 0.028794 seconds .

========================================================================
Received Import Request.
  Time since last request: 74.791312 seconds.
  path: Assets/Shaders/UI-Grayscale.shader
  artifactKey: Guid(fe5b52f237e51422ebc51086d89a818e) Importer(815301076,1909f56bfc062723c751e8b465ee728b)
Start importing Assets/Shaders/UI-Grayscale.shader using Guid(fe5b52f237e51422ebc51086d89a818e) Importer(815301076,1909f56bfc062723c751e8b465ee728b)  -> (artifact id: '83b596594d33af85507e4a283d3f867e') in 0.005232 seconds
  Import took 0.010308 seconds .

========================================================================
Received Import Request.
  Time since last request: 0.039256 seconds.
  path: Assets/Shaders/UI-Grayscale.shader
  artifactKey: Guid(fe5b52f237e51422ebc51086d89a818e) Importer(815301076,1909f56bfc062723c751e8b465ee728b)
Start importing Assets/Shaders/UI-Grayscale.shader using Guid(fe5b52f237e51422ebc51086d89a818e) Importer(815301076,1909f56bfc062723c751e8b465ee728b)  -> (artifact id: '83b596594d33af85507e4a283d3f867e') in 0.007758 seconds
  Import took 0.018468 seconds .

========================================================================
Received Import Request.
  Time since last request: 284.874549 seconds.
  path: Assets/Shaders/NewShaderVariants.shadervariants
  artifactKey: Guid(f084a1bdc55754f9dadebc17c091fd06) Importer(815301076,1909f56bfc062723c751e8b465ee728b)
Start importing Assets/Shaders/NewShaderVariants.shadervariants using Guid(f084a1bdc55754f9dadebc17c091fd06) Importer(815301076,1909f56bfc062723c751e8b465ee728b)  -> (artifact id: 'cac078b73ec6efb54e16a3ce741ebbd4') in 0.272058 seconds
  Import took 0.283137 seconds .

========================================================================
Received Import Request.
  Time since last request: 2150.990147 seconds.
  path: Assets/Scripts/Filter.cs
  artifactKey: Guid(8a31bc8b247d145c1a58e8b1cae02e34) Importer(815301076,1909f56bfc062723c751e8b465ee728b)
Start importing Assets/Scripts/Filter.cs using Guid(8a31bc8b247d145c1a58e8b1cae02e34) Importer(815301076,1909f56bfc062723c751e8b465ee728b)  -> (artifact id: 'fae52fb999a47b3fd6a5681ed11d3e77') in 0.023064 seconds
  Import took 0.032312 seconds .

========================================================================
Received Import Request.
  Time since last request: 0.007184 seconds.
  path: Assets/Scripts/Filter.cs
  artifactKey: Guid(8a31bc8b247d145c1a58e8b1cae02e34) Importer(815301076,1909f56bfc062723c751e8b465ee728b)
Start importing Assets/Scripts/Filter.cs using Guid(8a31bc8b247d145c1a58e8b1cae02e34) Importer(815301076,1909f56bfc062723c751e8b465ee728b)  -> (artifact id: 'fae52fb999a47b3fd6a5681ed11d3e77') in 0.013157 seconds
  Import took 0.020131 seconds .

========================================================================
Received Prepare
Registering precompiled user dll's ...
Registered in 0.002031 seconds.
Begin MonoManager ReloadAssembly
Native extension for OSXStandalone target not found
Native extension for WebGL target not found
Refreshing native plugins compatible for Editor in 0.95 ms, found 2 plugins.
Preloading 0 native plugins for Editor in 0.00 ms.
Mono: successfully reloaded assembly
- Completed reload, in  1.766 seconds
Platform modules already initialized, skipping
Refreshing native plugins compatible for Editor in 2.36 ms, found 2 plugins.
Preloading 0 native plugins for Editor in 0.00 ms.
Unloading 2271 Unused Serialized files (Serialized files now loaded: 0)
System memory in use before: 183.0 MB.
System memory in use after: 183.2 MB.

Unloading 44 unused Assets to reduce memory usage. Loaded Objects now: 2723.
Total: 7.241118 ms (FindLiveObjects: 0.398726 ms CreateObjectMapping: 0.208953 ms MarkObjects: 6.545834 ms  DeleteObjects: 0.085951 ms)

========================================================================
Received Prepare
Registering precompiled user dll's ...
Registered in 0.007172 seconds.
Begin MonoManager ReloadAssembly
Native extension for OSXStandalone target not found
Native extension for WebGL target not found
Refreshing native plugins compatible for Editor in 0.82 ms, found 2 plugins.
Preloading 0 native plugins for Editor in 0.00 ms.
Mono: successfully reloaded assembly
- Completed reload, in  1.645 seconds
Platform modules already initialized, skipping
Refreshing native plugins compatible for Editor in 1.57 ms, found 2 plugins.
Preloading 0 native plugins for Editor in 0.00 ms.
Unloading 2271 Unused Serialized files (Serialized files now loaded: 0)
System memory in use before: 183.2 MB.
System memory in use after: 183.4 MB.

Unloading 44 unused Assets to reduce memory usage. Loaded Objects now: 2727.
Total: 7.523602 ms (FindLiveObjects: 0.402356 ms CreateObjectMapping: 0.209617 ms MarkObjects: 6.822285 ms  DeleteObjects: 0.087581 ms)

========================================================================
Received Prepare
Registering precompiled user dll's ...
Registered in 0.003914 seconds.
Begin MonoManager ReloadAssembly
Native extension for OSXStandalone target not found
Native extension for WebGL target not found
Refreshing native plugins compatible for Editor in 1.40 ms, found 2 plugins.
Preloading 0 native plugins for Editor in 0.00 ms.
Mono: successfully reloaded assembly
- Completed reload, in  2.304 seconds
Platform modules already initialized, skipping
Refreshing native plugins compatible for Editor in 1.66 ms, found 2 plugins.
Preloading 0 native plugins for Editor in 0.00 ms.
Unloading 2271 Unused Serialized files (Serialized files now loaded: 0)
System memory in use before: 183.4 MB.
System memory in use after: 183.6 MB.

Unloading 44 unused Assets to reduce memory usage. Loaded Objects now: 2731.
Total: 7.351581 ms (FindLiveObjects: 0.458482 ms CreateObjectMapping: 0.126161 ms MarkObjects: 6.619052 ms  DeleteObjects: 0.145640 ms)

========================================================================
Received Prepare
Registering precompiled user dll's ...
Registered in 0.004683 seconds.
Begin MonoManager ReloadAssembly
Native extension for OSXStandalone target not found
Native extension for WebGL target not found
Refreshing native plugins compatible for Editor in 0.97 ms, found 2 plugins.
Preloading 0 native plugins for Editor in 0.00 ms.
Mono: successfully reloaded assembly
- Completed reload, in  1.817 seconds
Platform modules already initialized, skipping
Refreshing native plugins compatible for Editor in 0.89 ms, found 2 plugins.
Preloading 0 native plugins for Editor in 0.00 ms.
Unloading 2271 Unused Serialized files (Serialized files now loaded: 0)
System memory in use before: 183.6 MB.
System memory in use after: 183.8 MB.

Unloading 44 unused Assets to reduce memory usage. Loaded Objects now: 2735.
Total: 11.602377 ms (FindLiveObjects: 0.589476 ms CreateObjectMapping: 0.223913 ms MarkObjects: 10.623447 ms  DeleteObjects: 0.163365 ms)

========================================================================
Received Prepare
Registering precompiled user dll's ...
Registered in 0.008704 seconds.
Begin MonoManager ReloadAssembly
Native extension for OSXStandalone target not found
Native extension for WebGL target not found
Refreshing native plugins compatible for Editor in 0.85 ms, found 2 plugins.
Preloading 0 native plugins for Editor in 0.00 ms.
Mono: successfully reloaded assembly
- Completed reload, in  1.891 seconds
Platform modules already initialized, skipping
Refreshing native plugins compatible for Editor in 1.39 ms, found 2 plugins.
Preloading 0 native plugins for Editor in 0.00 ms.
Unloading 2271 Unused Serialized files (Serialized files now loaded: 0)
System memory in use before: 183.8 MB.
System memory in use after: 184.0 MB.

Unloading 44 unused Assets to reduce memory usage. Loaded Objects now: 2739.
Total: 7.729517 ms (FindLiveObjects: 0.400771 ms CreateObjectMapping: 0.202196 ms MarkObjects: 7.011577 ms  DeleteObjects: 0.113082 ms)

========================================================================
Received Import Request.
  Time since last request: 1011.581188 seconds.
  path: Assets/Scripts/MainUI.cs
  artifactKey: Guid(c94b679389db3034cb371f60c890bcf9) Importer(815301076,1909f56bfc062723c751e8b465ee728b)
Start importing Assets/Scripts/MainUI.cs using Guid(c94b679389db3034cb371f60c890bcf9) Importer(815301076,1909f56bfc062723c751e8b465ee728b)  -> (artifact id: '0f0c110ffefe0e9e3620d3731aefa5bb') in 0.012231 seconds
  Import took 0.020134 seconds .

========================================================================
Received Import Request.
  Time since last request: 0.034935 seconds.
  path: Assets/Scripts/MainUI.cs
  artifactKey: Guid(c94b679389db3034cb371f60c890bcf9) Importer(815301076,1909f56bfc062723c751e8b465ee728b)
Start importing Assets/Scripts/MainUI.cs using Guid(c94b679389db3034cb371f60c890bcf9) Importer(815301076,1909f56bfc062723c751e8b465ee728b)  -> (artifact id: '0f0c110ffefe0e9e3620d3731aefa5bb') in 0.007739 seconds
  Import took 0.017549 seconds .

========================================================================
Received Import Request.
  Time since last request: 107.288605 seconds.
  path: Assets/Scripts/NewBehaviourScript.cs
  artifactKey: Guid(aa28ad05f923849b2bf504f9c9a8b42a) Importer(815301076,1909f56bfc062723c751e8b465ee728b)
Start importing Assets/Scripts/NewBehaviourScript.cs using Guid(aa28ad05f923849b2bf504f9c9a8b42a) Importer(815301076,1909f56bfc062723c751e8b465ee728b)  -> (artifact id: '2e49a5382dcd35a6e5092a7883453487') in 0.017961 seconds
  Import took 0.031084 seconds .

========================================================================
Received Prepare
Registering precompiled user dll's ...
Registered in 0.009608 seconds.
Begin MonoManager ReloadAssembly
Native extension for OSXStandalone target not found
Native extension for WebGL target not found
Refreshing native plugins compatible for Editor in 2.26 ms, found 2 plugins.
Preloading 0 native plugins for Editor in 0.00 ms.
Mono: successfully reloaded assembly
- Completed reload, in  3.270 seconds
Platform modules already initialized, skipping
Refreshing native plugins compatible for Editor in 1.59 ms, found 2 plugins.
Preloading 0 native plugins for Editor in 0.00 ms.
Unloading 2272 Unused Serialized files (Serialized files now loaded: 0)
System memory in use before: 184.0 MB.
System memory in use after: 184.2 MB.

Unloading 44 unused Assets to reduce memory usage. Loaded Objects now: 2744.
Total: 18.447434 ms (FindLiveObjects: 1.232888 ms CreateObjectMapping: 0.370601 ms MarkObjects: 16.680943 ms  DeleteObjects: 0.158237 ms)

========================================================================
Received Import Request.
  Time since last request: 161.835631 seconds.
  path: Assets/Scripts/selectImage.cs
  artifactKey: Guid(eec6cda84c5884e6f833e47d3eaaf96a) Importer(815301076,1909f56bfc062723c751e8b465ee728b)
Start importing Assets/Scripts/selectImage.cs using Guid(eec6cda84c5884e6f833e47d3eaaf96a) Importer(815301076,1909f56bfc062723c751e8b465ee728b)  -> (artifact id: '80ba7cff09bfc7a132002deb6e05e744') in 0.025298 seconds
  Import took 0.036802 seconds .

========================================================================
Received Import Request.
  Time since last request: 0.002411 seconds.
  path: Assets/Scripts/selectImage.cs
  artifactKey: Guid(eec6cda84c5884e6f833e47d3eaaf96a) Importer(815301076,1909f56bfc062723c751e8b465ee728b)
Start importing Assets/Scripts/selectImage.cs using Guid(eec6cda84c5884e6f833e47d3eaaf96a) Importer(815301076,1909f56bfc062723c751e8b465ee728b)  -> (artifact id: '80ba7cff09bfc7a132002deb6e05e744') in 0.015055 seconds
  Import took 0.025587 seconds .

========================================================================
Received Prepare
Registering precompiled user dll's ...
Registered in 0.021105 seconds.
Begin MonoManager ReloadAssembly
Native extension for OSXStandalone target not found
Native extension for WebGL target not found
Refreshing native plugins compatible for Editor in 0.89 ms, found 2 plugins.
Preloading 0 native plugins for Editor in 0.00 ms.
Mono: successfully reloaded assembly
- Completed reload, in  2.210 seconds
Platform modules already initialized, skipping
Refreshing native plugins compatible for Editor in 1.29 ms, found 2 plugins.
Preloading 0 native plugins for Editor in 0.00 ms.
Unloading 2273 Unused Serialized files (Serialized files now loaded: 0)
System memory in use before: 184.2 MB.
System memory in use after: 184.4 MB.

Unloading 44 unused Assets to reduce memory usage. Loaded Objects now: 2749.
Total: 7.689740 ms (FindLiveObjects: 0.539925 ms CreateObjectMapping: 0.132494 ms MarkObjects: 6.902944 ms  DeleteObjects: 0.112531 ms)

========================================================================
Received Prepare
Registering precompiled user dll's ...
Registered in 0.005215 seconds.
Begin MonoManager ReloadAssembly
Native extension for OSXStandalone target not found
Native extension for WebGL target not found
Refreshing native plugins compatible for Editor in 0.88 ms, found 2 plugins.
Preloading 0 native plugins for Editor in 0.00 ms.
Mono: successfully reloaded assembly
- Completed reload, in  1.800 seconds
Platform modules already initialized, skipping
Refreshing native plugins compatible for Editor in 1.05 ms, found 2 plugins.
Preloading 0 native plugins for Editor in 0.00 ms.
Unloading 2273 Unused Serialized files (Serialized files now loaded: 0)
System memory in use before: 184.4 MB.
System memory in use after: 184.6 MB.

Unloading 44 unused Assets to reduce memory usage. Loaded Objects now: 2753.
Total: 8.256813 ms (FindLiveObjects: 0.494130 ms CreateObjectMapping: 0.214373 ms MarkObjects: 7.432793 ms  DeleteObjects: 0.113620 ms)

========================================================================
Received Import Request.
  Time since last request: 162.350108 seconds.
  path: Assets/Scripts/selectImage.cs
  artifactKey: Guid(eec6cda84c5884e6f833e47d3eaaf96a) Importer(815301076,1909f56bfc062723c751e8b465ee728b)
Start importing Assets/Scripts/selectImage.cs using Guid(eec6cda84c5884e6f833e47d3eaaf96a) Importer(815301076,1909f56bfc062723c751e8b465ee728b)  -> (artifact id: 'd0d14b67eddc07f0e8d48cc3bd8de273') in 0.012338 seconds
  Import took 0.023471 seconds .

========================================================================
Received Prepare
Registering precompiled user dll's ...
Registered in 0.004933 seconds.
Begin MonoManager ReloadAssembly
Native extension for OSXStandalone target not found
Native extension for WebGL target not found
Refreshing native plugins compatible for Editor in 1.54 ms, found 2 plugins.
Preloading 0 native plugins for Editor in 0.00 ms.
Mono: successfully reloaded assembly
- Completed reload, in  2.241 seconds
Platform modules already initialized, skipping
Refreshing native plugins compatible for Editor in 1.09 ms, found 2 plugins.
Preloading 0 native plugins for Editor in 0.00 ms.
Unloading 2273 Unused Serialized files (Serialized files now loaded: 0)
System memory in use before: 184.6 MB.
System memory in use after: 184.8 MB.

Unloading 44 unused Assets to reduce memory usage. Loaded Objects now: 2757.
Total: 8.693493 ms (FindLiveObjects: 0.390385 ms CreateObjectMapping: 0.128631 ms MarkObjects: 8.051002 ms  DeleteObjects: 0.121713 ms)

========================================================================
Received Import Request.
  Time since last request: 783.967701 seconds.
  path: Assets/Scenes/Main.unity
  artifactKey: Guid(5bbbb50319aa4b24b83bf24e32c118af) Importer(815301076,1909f56bfc062723c751e8b465ee728b)
Start importing Assets/Scenes/Main.unity using Guid(5bbbb50319aa4b24b83bf24e32c118af) Importer(815301076,1909f56bfc062723c751e8b465ee728b)  -> (artifact id: '0c7bcb1354b41a010b04ccde4bde2571') in 0.020725 seconds
  Import took 0.029114 seconds .

========================================================================
Received Import Request.
  Time since last request: 0.002752 seconds.
  path: Assets/Scenes/Main.unity
  artifactKey: Guid(5bbbb50319aa4b24b83bf24e32c118af) Importer(815301076,1909f56bfc062723c751e8b465ee728b)
Start importing Assets/Scenes/Main.unity using Guid(5bbbb50319aa4b24b83bf24e32c118af) Importer(815301076,1909f56bfc062723c751e8b465ee728b)  -> (artifact id: '0c7bcb1354b41a010b04ccde4bde2571') in 0.003215 seconds
  Import took 0.014102 seconds .

========================================================================
Received Prepare
Registering precompiled user dll's ...
Registered in 0.002454 seconds.
Begin MonoManager ReloadAssembly
Native extension for OSXStandalone target not found
Native extension for WebGL target not found
Refreshing native plugins compatible for Editor in 0.98 ms, found 2 plugins.
Preloading 0 native plugins for Editor in 0.00 ms.
Mono: successfully reloaded assembly
- Completed reload, in  2.290 seconds
Platform modules already initialized, skipping
Refreshing native plugins compatible for Editor in 1.65 ms, found 2 plugins.
Preloading 0 native plugins for Editor in 0.00 ms.
Unloading 2273 Unused Serialized files (Serialized files now loaded: 0)
System memory in use before: 184.9 MB.
System memory in use after: 185.0 MB.

Unloading 44 unused Assets to reduce memory usage. Loaded Objects now: 2761.
Total: 10.025737 ms (FindLiveObjects: 0.568298 ms CreateObjectMapping: 0.222590 ms MarkObjects: 9.060058 ms  DeleteObjects: 0.172107 ms)

========================================================================
Received Import Request.
  Time since last request: 649.863423 seconds.
  path: Assets/Scripts/Filter.cs
  artifactKey: Guid(8a31bc8b247d145c1a58e8b1cae02e34) Importer(815301076,1909f56bfc062723c751e8b465ee728b)
Start importing Assets/Scripts/Filter.cs using Guid(8a31bc8b247d145c1a58e8b1cae02e34) Importer(815301076,1909f56bfc062723c751e8b465ee728b)  -> (artifact id: '72242bb3d8ffb7e39cdb97d561829175') in 0.034015 seconds
  Import took 0.044744 seconds .

========================================================================
Received Import Request.
  Time since last request: 32.151422 seconds.
  path: Assets/Scenes/Filter.unity
  artifactKey: Guid(2f4da7a546d6ebd45a15bf59244d49aa) Importer(815301076,1909f56bfc062723c751e8b465ee728b)
Start importing Assets/Scenes/Filter.unity using Guid(2f4da7a546d6ebd45a15bf59244d49aa) Importer(815301076,1909f56bfc062723c751e8b465ee728b)  -> (artifact id: 'c89e0f48b77b2255590d01b6cfb97b0a') in 0.025490 seconds
  Import took 0.033710 seconds .

========================================================================
Received Import Request.
  Time since last request: 27.896960 seconds.
  path: Assets/Scripts/loadImg.cs
  artifactKey: Guid(f69db6eb9e35e467ea957a796e48650f) Importer(815301076,1909f56bfc062723c751e8b465ee728b)
Start importing Assets/Scripts/loadImg.cs using Guid(f69db6eb9e35e467ea957a796e48650f) Importer(815301076,1909f56bfc062723c751e8b465ee728b)  -> (artifact id: 'ca624394a3f5f86340db0ae79e30069f') in 0.011469 seconds
  Import took 0.026736 seconds .

========================================================================
Received Prepare
Registering precompiled user dll's ...
Registered in 0.003293 seconds.
Begin MonoManager ReloadAssembly
Native extension for OSXStandalone target not found
Native extension for WebGL target not found
Refreshing native plugins compatible for Editor in 1.45 ms, found 2 plugins.
Preloading 0 native plugins for Editor in 0.00 ms.
Mono: successfully reloaded assembly
- Completed reload, in  2.415 seconds
Platform modules already initialized, skipping
Refreshing native plugins compatible for Editor in 0.96 ms, found 2 plugins.
Preloading 0 native plugins for Editor in 0.00 ms.
Unloading 2274 Unused Serialized files (Serialized files now loaded: 0)
System memory in use before: 185.1 MB.
System memory in use after: 185.3 MB.

Unloading 44 unused Assets to reduce memory usage. Loaded Objects now: 2766.
Total: 11.588484 ms (FindLiveObjects: 0.452825 ms CreateObjectMapping: 0.209340 ms MarkObjects: 10.841375 ms  DeleteObjects: 0.081129 ms)

========================================================================
Received Prepare
Registering precompiled user dll's ...
Registered in 0.006733 seconds.
Begin MonoManager ReloadAssembly
Native extension for OSXStandalone target not found
Native extension for WebGL target not found
Refreshing native plugins compatible for Editor in 1.21 ms, found 2 plugins.
Preloading 0 native plugins for Editor in 0.00 ms.
Mono: successfully reloaded assembly
- Completed reload, in  2.349 seconds
Platform modules already initialized, skipping
Refreshing native plugins compatible for Editor in 2.12 ms, found 2 plugins.
Preloading 0 native plugins for Editor in 0.00 ms.
Unloading 2274 Unused Serialized files (Serialized files now loaded: 0)
System memory in use before: 185.3 MB.
System memory in use after: 185.5 MB.

Unloading 44 unused Assets to reduce memory usage. Loaded Objects now: 2770.
Total: 8.547707 ms (FindLiveObjects: 0.414646 ms CreateObjectMapping: 0.204095 ms MarkObjects: 7.838760 ms  DeleteObjects: 0.088524 ms)

========================================================================
Received Import Request.
  Time since last request: 165.171278 seconds.
  path: Assets/Scripts/loadImg.cs
  artifactKey: Guid(f69db6eb9e35e467ea957a796e48650f) Importer(815301076,1909f56bfc062723c751e8b465ee728b)
Start importing Assets/Scripts/loadImg.cs using Guid(f69db6eb9e35e467ea957a796e48650f) Importer(815301076,1909f56bfc062723c751e8b465ee728b)  -> (artifact id: 'e2f58a2489fe459a1ea68b0966a77935') in 0.013109 seconds
  Import took 0.024587 seconds .

========================================================================
Received Import Request.
  Time since last request: 27.315737 seconds.
  path: Assets/Scenes/Main.unity
  artifactKey: Guid(5bbbb50319aa4b24b83bf24e32c118af) Importer(815301076,1909f56bfc062723c751e8b465ee728b)
Start importing Assets/Scenes/Main.unity using Guid(5bbbb50319aa4b24b83bf24e32c118af) Importer(815301076,1909f56bfc062723c751e8b465ee728b)  -> (artifact id: '7d739cf24aa4069e2fe71deb132eaf2c') in 0.035872 seconds
  Import took 0.042564 seconds .

========================================================================
Received Prepare
Registering precompiled user dll's ...
Registered in 0.003991 seconds.
Begin MonoManager ReloadAssembly
Native extension for OSXStandalone target not found
Native extension for WebGL target not found
Refreshing native plugins compatible for Editor in 1.95 ms, found 2 plugins.
Preloading 0 native plugins for Editor in 0.00 ms.
Mono: successfully reloaded assembly
- Completed reload, in  2.657 seconds
Platform modules already initialized, skipping
Refreshing native plugins compatible for Editor in 1.72 ms, found 2 plugins.
Preloading 0 native plugins for Editor in 0.00 ms.
Unloading 2274 Unused Serialized files (Serialized files now loaded: 0)
System memory in use before: 185.5 MB.
System memory in use after: 185.7 MB.

Unloading 44 unused Assets to reduce memory usage. Loaded Objects now: 2774.
Total: 9.850316 ms (FindLiveObjects: 0.900712 ms CreateObjectMapping: 0.277318 ms MarkObjects: 8.551552 ms  DeleteObjects: 0.118764 ms)

========================================================================
Received Prepare
Registering precompiled user dll's ...
Registered in 0.001861 seconds.
Begin MonoManager ReloadAssembly
Native extension for OSXStandalone target not found
Native extension for WebGL target not found
Refreshing native plugins compatible for Editor in 0.89 ms, found 2 plugins.
Preloading 0 native plugins for Editor in 0.00 ms.
Mono: successfully reloaded assembly
- Completed reload, in  2.127 seconds
Platform modules already initialized, skipping
Refreshing native plugins compatible for Editor in 0.82 ms, found 2 plugins.
Preloading 0 native plugins for Editor in 0.00 ms.
Unloading 2274 Unused Serialized files (Serialized files now loaded: 0)
System memory in use before: 185.7 MB.
System memory in use after: 185.9 MB.

Unloading 44 unused Assets to reduce memory usage. Loaded Objects now: 2778.
Total: 10.826540 ms (FindLiveObjects: 1.063802 ms CreateObjectMapping: 0.492227 ms MarkObjects: 9.036825 ms  DeleteObjects: 0.231370 ms)

========================================================================
Received Import Request.
  Time since last request: 100.609424 seconds.
  path: Assets/Animation/gallery
  artifactKey: Guid(78241bb7e93674834af9b53955c0b6cc) Importer(815301076,1909f56bfc062723c751e8b465ee728b)
Start importing Assets/Animation/gallery using Guid(78241bb7e93674834af9b53955c0b6cc) Importer(815301076,1909f56bfc062723c751e8b465ee728b)  -> (artifact id: 'aabfb4b8fd2e147d42e56a41eda2f6f2') in 0.008521 seconds
  Import took 0.016381 seconds .

========================================================================
Received Import Request.
  Time since last request: 12.480101 seconds.
  path: Assets/Animation/gallery/down.anim
  artifactKey: Guid(7453e75fff3a44280a328856829ea863) Importer(815301076,1909f56bfc062723c751e8b465ee728b)
Start importing Assets/Animation/gallery/down.anim using Guid(7453e75fff3a44280a328856829ea863) Importer(815301076,1909f56bfc062723c751e8b465ee728b)  -> (artifact id: '36e8f07b2c5095023afd31f82b8ce894') in 0.041690 seconds
  Import took 0.052952 seconds .

========================================================================
Received Import Request.
  Time since last request: 63.264684 seconds.
  path: Assets/Animation/gallery/down 1.anim
  artifactKey: Guid(33f91bf9df61e4665a5b815822501bd7) Importer(815301076,1909f56bfc062723c751e8b465ee728b)
Start importing Assets/Animation/gallery/down 1.anim using Guid(33f91bf9df61e4665a5b815822501bd7) Importer(815301076,1909f56bfc062723c751e8b465ee728b)  -> (artifact id: 'cd477ed51aee0b8d215037f793eca5f6') in 0.011509 seconds
  Import took 0.022494 seconds .

========================================================================
Received Import Request.
  Time since last request: 1.143349 seconds.
  path: Assets/Animation/gallery/down.anim
  artifactKey: Guid(7453e75fff3a44280a328856829ea863) Importer(815301076,1909f56bfc062723c751e8b465ee728b)
Start importing Assets/Animation/gallery/down.anim using Guid(7453e75fff3a44280a328856829ea863) Importer(815301076,1909f56bfc062723c751e8b465ee728b)  -> (artifact id: '91df726e0ba4e369d888fea8f8ab0399') in 0.014712 seconds
  Import took 0.035584 seconds .

========================================================================
Received Import Request.
  Time since last request: 0.010959 seconds.
  path: Assets/Animation/gallery/down.anim
  artifactKey: Guid(7453e75fff3a44280a328856829ea863) Importer(815301076,1909f56bfc062723c751e8b465ee728b)
Start importing Assets/Animation/gallery/down.anim using Guid(7453e75fff3a44280a328856829ea863) Importer(815301076,1909f56bfc062723c751e8b465ee728b)  -> (artifact id: '91df726e0ba4e369d888fea8f8ab0399') in 0.012174 seconds
  Import took 0.027932 seconds .

========================================================================
Received Import Request.
  Time since last request: 1.907057 seconds.
  path: Assets/Animation/gallery/up.anim
  artifactKey: Guid(33f91bf9df61e4665a5b815822501bd7) Importer(815301076,1909f56bfc062723c751e8b465ee728b)
Start importing Assets/Animation/gallery/up.anim using Guid(33f91bf9df61e4665a5b815822501bd7) Importer(815301076,1909f56bfc062723c751e8b465ee728b)  -> (artifact id: '511bcb627a3dcd4f7d114faf047145f2') in 0.009620 seconds
  Import took 0.027852 seconds .

========================================================================
Received Prepare
Registering precompiled user dll's ...
Registered in 0.004986 seconds.
Begin MonoManager ReloadAssembly
Native extension for OSXStandalone target not found
Native extension for WebGL target not found
Refreshing native plugins compatible for Editor in 1.85 ms, found 2 plugins.
Preloading 0 native plugins for Editor in 0.00 ms.
Mono: successfully reloaded assembly
- Completed reload, in  2.451 seconds
Platform modules already initialized, skipping
Refreshing native plugins compatible for Editor in 1.24 ms, found 2 plugins.
Preloading 0 native plugins for Editor in 0.00 ms.
Unloading 2274 Unused Serialized files (Serialized files now loaded: 0)
System memory in use before: 185.9 MB.
System memory in use after: 186.1 MB.

Unloading 44 unused Assets to reduce memory usage. Loaded Objects now: 2782.
Total: 16.891278 ms (FindLiveObjects: 2.662117 ms CreateObjectMapping: 0.528348 ms MarkObjects: 13.501120 ms  DeleteObjects: 0.196810 ms)

========================================================================
Received Import Request.
  Time since last request: 158.686552 seconds.
  path: Assets/Scenes/Filter.unity
  artifactKey: Guid(2f4da7a546d6ebd45a15bf59244d49aa) Importer(815301076,1909f56bfc062723c751e8b465ee728b)
Start importing Assets/Scenes/Filter.unity using Guid(2f4da7a546d6ebd45a15bf59244d49aa) Importer(815301076,1909f56bfc062723c751e8b465ee728b)  -> (artifact id: 'ebd7931c6a08cb04252437aebb091aee') in 0.030381 seconds
  Import took 0.039781 seconds .

========================================================================
Received Prepare
Registering precompiled user dll's ...
Registered in 0.001867 seconds.
Begin MonoManager ReloadAssembly
Native extension for OSXStandalone target not found
Native extension for WebGL target not found
Refreshing native plugins compatible for Editor in 0.94 ms, found 2 plugins.
Preloading 0 native plugins for Editor in 0.00 ms.
Mono: successfully reloaded assembly
- Completed reload, in  2.233 seconds
Platform modules already initialized, skipping
Refreshing native plugins compatible for Editor in 1.16 ms, found 2 plugins.
Preloading 0 native plugins for Editor in 0.00 ms.
Unloading 2274 Unused Serialized files (Serialized files now loaded: 0)
System memory in use before: 186.1 MB.
System memory in use after: 186.3 MB.

Unloading 44 unused Assets to reduce memory usage. Loaded Objects now: 2786.
Total: 16.900970 ms (FindLiveObjects: 2.299771 ms CreateObjectMapping: 0.744846 ms MarkObjects: 13.755399 ms  DeleteObjects: 0.092401 ms)

========================================================================
Received Import Request.
  Time since last request: 88.729801 seconds.
  path: Assets/Scenes/Main.unity
  artifactKey: Guid(5bbbb50319aa4b24b83bf24e32c118af) Importer(815301076,1909f56bfc062723c751e8b465ee728b)
Start importing Assets/Scenes/Main.unity using Guid(5bbbb50319aa4b24b83bf24e32c118af) Importer(815301076,1909f56bfc062723c751e8b465ee728b)  -> (artifact id: 'acca9bfbe917d0e78e1b3f9bcf8e8098') in 0.031821 seconds
  Import took 0.045027 seconds .

========================================================================
Received Import Request.
  Time since last request: 30.459512 seconds.
  path: Assets/Scenes/Filter.unity
  artifactKey: Guid(2f4da7a546d6ebd45a15bf59244d49aa) Importer(815301076,1909f56bfc062723c751e8b465ee728b)
Start importing Assets/Scenes/Filter.unity using Guid(2f4da7a546d6ebd45a15bf59244d49aa) Importer(815301076,1909f56bfc062723c751e8b465ee728b)  -> (artifact id: '7ebf78f09237c386c8d1da30a39da2ca') in 0.012628 seconds
  Import took 0.029999 seconds .

========================================================================
Received Prepare
Registering precompiled user dll's ...
Registered in 0.003497 seconds.
Begin MonoManager ReloadAssembly
Native extension for OSXStandalone target not found
Native extension for WebGL target not found
Refreshing native plugins compatible for Editor in 1.07 ms, found 2 plugins.
Preloading 0 native plugins for Editor in 0.00 ms.
Mono: successfully reloaded assembly
- Completed reload, in  2.256 seconds
Platform modules already initialized, skipping
Refreshing native plugins compatible for Editor in 1.13 ms, found 2 plugins.
Preloading 0 native plugins for Editor in 0.00 ms.
Unloading 2274 Unused Serialized files (Serialized files now loaded: 0)
System memory in use before: 186.4 MB.
System memory in use after: 186.6 MB.

Unloading 44 unused Assets to reduce memory usage. Loaded Objects now: 2790.
Total: 9.100742 ms (FindLiveObjects: 0.819279 ms CreateObjectMapping: 0.386510 ms MarkObjects: 7.786654 ms  DeleteObjects: 0.106338 ms)

========================================================================
Received Import Request.
  Time since last request: 38.128016 seconds.
  path: Assets/Scripts/loadImg.cs
  artifactKey: Guid(f69db6eb9e35e467ea957a796e48650f) Importer(815301076,1909f56bfc062723c751e8b465ee728b)
Start importing Assets/Scripts/loadImg.cs using Guid(f69db6eb9e35e467ea957a796e48650f) Importer(815301076,1909f56bfc062723c751e8b465ee728b)  -> (artifact id: 'ff39794d38505aab110cf67245ee2376') in 0.011384 seconds
  Import took 0.021189 seconds .

========================================================================
Received Prepare
Registering precompiled user dll's ...
Registered in 0.004547 seconds.
Begin MonoManager ReloadAssembly
Native extension for OSXStandalone target not found
Native extension for WebGL target not found
Refreshing native plugins compatible for Editor in 0.83 ms, found 2 plugins.
Preloading 0 native plugins for Editor in 0.00 ms.
Mono: successfully reloaded assembly
- Completed reload, in  2.275 seconds
Platform modules already initialized, skipping
Refreshing native plugins compatible for Editor in 0.96 ms, found 2 plugins.
Preloading 0 native plugins for Editor in 0.00 ms.
Unloading 2274 Unused Serialized files (Serialized files now loaded: 0)
System memory in use before: 186.5 MB.
System memory in use after: 186.7 MB.

Unloading 44 unused Assets to reduce memory usage. Loaded Objects now: 2794.
Total: 8.701625 ms (FindLiveObjects: 0.488346 ms CreateObjectMapping: 0.227534 ms MarkObjects: 7.850350 ms  DeleteObjects: 0.133632 ms)

========================================================================
Received Prepare
Registering precompiled user dll's ...
Registered in 0.001799 seconds.
Begin MonoManager ReloadAssembly
Native extension for OSXStandalone target not found
Native extension for WebGL target not found
Refreshing native plugins compatible for Editor in 1.97 ms, found 2 plugins.
Preloading 0 native plugins for Editor in 0.00 ms.
Mono: successfully reloaded assembly
- Completed reload, in  2.343 seconds
Platform modules already initialized, skipping
Refreshing native plugins compatible for Editor in 0.88 ms, found 2 plugins.
Preloading 0 native plugins for Editor in 0.00 ms.
Unloading 2274 Unused Serialized files (Serialized files now loaded: 0)
System memory in use before: 186.8 MB.
System memory in use after: 186.9 MB.

Unloading 44 unused Assets to reduce memory usage. Loaded Objects now: 2798.
Total: 8.809868 ms (FindLiveObjects: 0.403362 ms CreateObjectMapping: 0.207065 ms MarkObjects: 8.108319 ms  DeleteObjects: 0.089438 ms)

